<html>
<head>
<title>TestNG:  Login Test</title>
<link href="../testng.css" rel="stylesheet" type="text/css" />
<link href="../my-testng.css" rel="stylesheet" type="text/css" />

<style type="text/css">
.log { display: none;} 
.stack-trace { display: none;} 
</style>
<script type="text/javascript">
<!--
function flip(e) {
  current = e.style.display;
  if (current == 'block') {
    e.style.display = 'none';
    return 0;
  }
  else {
    e.style.display = 'block';
    return 1;
  }
}

function toggleBox(szDivId, elem, msg1, msg2)
{
  var res = -1;  if (document.getElementById) {
    res = flip(document.getElementById(szDivId));
  }
  else if (document.all) {
    // this is the way old msie versions work
    res = flip(document.all[szDivId]);
  }
  if(elem) {
    if(res == 0) elem.innerHTML = msg1; else elem.innerHTML = msg2;
  }

}

function toggleAllBoxes() {
  if (document.getElementsByTagName) {
    d = document.getElementsByTagName('div');
    for (i = 0; i < d.length; i++) {
      if (d[i].className == 'log') {
        flip(d[i]);
      }
    }
  }
}

// -->
</script>

</head>
<body>
<h2 align='center'>Login Test</h2><table border='1' align="center">
<tr>
<td>Tests passed/Failed/Skipped:</td><td>4/0/1</td>
</tr><tr>
<td>Started on:</td><td>Mon Nov 23 13:34:30 IST 2020</td>
</tr>
<tr><td>Total time:</td><td>662 seconds (662119 ms)</td>
</tr><tr>
<td>Included groups:</td><td></td>
</tr><tr>
<td>Excluded groups:</td><td></td>
</tr>
</table><p/>
<small><i>(Hover the method name to see the test class name)</i></small><p/>
<table width='100%' border='1' class='invocation-failed'>
<tr><td colspan='4' align='center'><b>FAILED CONFIGURATIONS</b></td></tr>
<tr><td><b>Test method</b></td>
<td width="30%"><b>Exception</b></td>
<td width="10%"><b>Time (seconds)</b></td>
<td><b>Instance</b></td>
</tr>
<tr>
<td title='tests.FBLoginTestDataProvider.launchSite()'><b>launchSite</b><br>Test class: tests.FBLoginTestDataProvider</td>
<td><div><pre>org.openqa.selenium.SessionNotCreatedException: session not created
from timeout: Timed out receiving message from renderer: 600.000
  (Session info: chrome=87.0.4280.66)
Build info: version: &apos;3.141.59&apos;, revision: &apos;e82be7d358&apos;, time: &apos;2018-11-14T08:17:03&apos;
System info: host: &apos;DESKTOP-D8HNM4S&apos;, ip: &apos;192.168.1.7&apos;, os.name: &apos;Windows 10&apos;, os.arch: &apos;amd64&apos;, os.version: &apos;10.0&apos;, java.version: &apos;1.8.0_181&apos;
Driver info: driver.version: ChromeDriver
remote stacktrace: Backtrace:
	Ordinal0 [0x00A6ECE3+3337443]
	Ordinal0 [0x0094F041+2158657]
	Ordinal0 [0x007D6FA8+618408]
	Ordinal0 [0x007CAE8F+568975]
	Ordinal0 [0x007CA131+565553]
	Ordinal0 [0x007CA525+566565]
	Ordinal0 [0x007C9E45+564805]
	Ordinal0 [0x007D35C1+603585]
	Ordinal0 [0x007C9E01+564737]
	Ordinal0 [0x007CABB2+568242]
	Ordinal0 [0x007CA131+565553]
	Ordinal0 [0x007CA525+566565]
	Ordinal0 [0x007C9E45+564805]
	Ordinal0 [0x007D1A3C+596540]
	Ordinal0 [0x007C9E01+564737]
	Ordinal0 [0x007CABB2+568242]
	Ordinal0 [0x007CA131+565553]
	Ordinal0 [0x007CA525+566565]
	Ordinal0 [0x007C9E45+564805]
	Ordinal0 [0x007CFB72+588658]
	Ordinal0 [0x007C9E01+564737]
	Ordinal0 [0x007CABB2+568242]
	Ordinal0 [0x007CA131+565553]
	Ordinal0 [0x007CA525+566565]
	Ordinal0 [0x007C9E45+564805]
	Ordinal0 [0x007CED85+585093]
	Ordinal0 [0x007C9E01+564737]
	Ordinal0 [0x007CABB2+568242]
	Ordinal0 [0x007CA131+565553]
	Ordinal0 [0x007CA525+566565]
	Ordinal0 [0x007C9E45+564805]
	Ordinal0 [0x007C6486+550022]
	Ordinal0 [0x007C9E01+564737]
	Ordinal0 [0x007C9C23+564259]
	Ordinal0 [0x007C9A17+563735]
	Ordinal0 [0x007D7FD0+622544]
	Ordinal0 [0x00776B2D+224045]
	Ordinal0 [0x00775BFC+220156]
	Ordinal0 [0x0077181B+202779]
	Ordinal0 [0x00753D74+81268]
	Ordinal0 [0x00754D6E+85358]
	Ordinal0 [0x00754CF9+85241]
	Ordinal0 [0x00966F2C+2256684]
	GetHandleVerifier [0x00BF2FAC+1478332]
	GetHandleVerifier [0x00BF2AFD+1477133]
	GetHandleVerifier [0x00BFAAD8+1509864]
	GetHandleVerifier [0x00BF369E+1480110]
	Ordinal0 [0x0095D6BD+2217661]
	Ordinal0 [0x009689AB+2263467]
	Ordinal0 [0x00968AEF+2263791]
	Ordinal0 [0x0097D363+2347875]
	BaseThreadInitThunk [0x77966359+25]
	RtlGetAppContainerNamedObjectPath [0x77C28944+228]
	RtlGetAppContainerNamedObjectPath [0x77C28914+180]

	at org.openqa.selenium.remote.W3CHandshakeResponse.lambda$errorHandler$0(W3CHandshakeResponse.java:62)
	at org.openqa.selenium.remote.HandshakeResponse.lambda$getResponseFunction$0(HandshakeResponse.java:30)
	at org.openqa.selenium.remote.ProtocolHandshake.lambda$createSession$0(ProtocolHandshake.java:126)
	at java.util.stream.ReferencePipeline$3$1.accept(ReferencePipeline.java:193)
	at java.util.Spliterators$ArraySpliterator.tryAdvance(Spliterators.java:958)
	at java.util.stream.ReferencePipeline.forEachWithCancel(ReferencePipeline.java:126)
	at java.util.stream.AbstractPipeline.copyIntoWithCancel(AbstractPipeline.java:498)
	at java.util.stream.AbstractPipeline.copyInto(AbstractPipeline.java:485)
	at java.util.stream.AbstractPipeline.wrapAndCopyInto(AbstractPipeline.java:471)
	at java.util.stream.FindOps$FindOp.evaluateSequential(FindOps.java:152)
	at java.util.stream.AbstractPipeline.evaluate(AbstractPipeline.java:234)
	at java.util.stream.ReferencePipeline.findFirst(ReferencePipeline.java:464)
	at org.openqa.selenium.remote.ProtocolHandshake.createSession(ProtocolHandshake.java:128)
	at org.openqa.selenium.remote.ProtocolHandshake.createSession(ProtocolHandshake.java:74)
	at org.openqa.selenium.remote.HttpCommandExecutor.execute(HttpCommandExecutor.java:136)
	at org.openqa.selenium.remote.service.DriverCommandExecutor.execute(DriverCommandExecutor.java:83)
	at org.openqa.selenium.remote.RemoteWebDriver.execute(RemoteWebDriver.java:552)
	at org.openqa.selenium.remote.RemoteWebDriver.startSession(RemoteWebDriver.java:213)
	at org.openqa.selenium.remote.RemoteWebDriver.&lt;init&gt;(RemoteWebDriver.java:131)
	at org.openqa.selenium.chrome.ChromeDriver.&lt;init&gt;(ChromeDriver.java:181)
	at org.openqa.selenium.chrome.ChromeDriver.&lt;init&gt;(ChromeDriver.java:168)
	at org.openqa.selenium.chrome.ChromeDriver.&lt;init&gt;(ChromeDriver.java:157)
	at utilities.TestUtility.launchBrowser(TestUtility.java:54)
	at tests.FBLoginTestDataProvider.launchSite(FBLoginTestDataProvider.java:52)
	at java.util.ArrayList.forEach(ArrayList.java:1257)
... Removed 39 stack frames</pre></div><a href='#' onClick='toggleBox("stack-trace1617156106", this, "Click to show all stack frames", "Click to hide stack frames")'>Click to show all stack frames</a>
<div class='stack-trace' id='stack-trace1617156106'><pre>org.openqa.selenium.SessionNotCreatedException: session not created
from timeout: Timed out receiving message from renderer: 600.000
  (Session info: chrome=87.0.4280.66)
Build info: version: &apos;3.141.59&apos;, revision: &apos;e82be7d358&apos;, time: &apos;2018-11-14T08:17:03&apos;
System info: host: &apos;DESKTOP-D8HNM4S&apos;, ip: &apos;192.168.1.7&apos;, os.name: &apos;Windows 10&apos;, os.arch: &apos;amd64&apos;, os.version: &apos;10.0&apos;, java.version: &apos;1.8.0_181&apos;
Driver info: driver.version: ChromeDriver
remote stacktrace: Backtrace:
	Ordinal0 [0x00A6ECE3+3337443]
	Ordinal0 [0x0094F041+2158657]
	Ordinal0 [0x007D6FA8+618408]
	Ordinal0 [0x007CAE8F+568975]
	Ordinal0 [0x007CA131+565553]
	Ordinal0 [0x007CA525+566565]
	Ordinal0 [0x007C9E45+564805]
	Ordinal0 [0x007D35C1+603585]
	Ordinal0 [0x007C9E01+564737]
	Ordinal0 [0x007CABB2+568242]
	Ordinal0 [0x007CA131+565553]
	Ordinal0 [0x007CA525+566565]
	Ordinal0 [0x007C9E45+564805]
	Ordinal0 [0x007D1A3C+596540]
	Ordinal0 [0x007C9E01+564737]
	Ordinal0 [0x007CABB2+568242]
	Ordinal0 [0x007CA131+565553]
	Ordinal0 [0x007CA525+566565]
	Ordinal0 [0x007C9E45+564805]
	Ordinal0 [0x007CFB72+588658]
	Ordinal0 [0x007C9E01+564737]
	Ordinal0 [0x007CABB2+568242]
	Ordinal0 [0x007CA131+565553]
	Ordinal0 [0x007CA525+566565]
	Ordinal0 [0x007C9E45+564805]
	Ordinal0 [0x007CED85+585093]
	Ordinal0 [0x007C9E01+564737]
	Ordinal0 [0x007CABB2+568242]
	Ordinal0 [0x007CA131+565553]
	Ordinal0 [0x007CA525+566565]
	Ordinal0 [0x007C9E45+564805]
	Ordinal0 [0x007C6486+550022]
	Ordinal0 [0x007C9E01+564737]
	Ordinal0 [0x007C9C23+564259]
	Ordinal0 [0x007C9A17+563735]
	Ordinal0 [0x007D7FD0+622544]
	Ordinal0 [0x00776B2D+224045]
	Ordinal0 [0x00775BFC+220156]
	Ordinal0 [0x0077181B+202779]
	Ordinal0 [0x00753D74+81268]
	Ordinal0 [0x00754D6E+85358]
	Ordinal0 [0x00754CF9+85241]
	Ordinal0 [0x00966F2C+2256684]
	GetHandleVerifier [0x00BF2FAC+1478332]
	GetHandleVerifier [0x00BF2AFD+1477133]
	GetHandleVerifier [0x00BFAAD8+1509864]
	GetHandleVerifier [0x00BF369E+1480110]
	Ordinal0 [0x0095D6BD+2217661]
	Ordinal0 [0x009689AB+2263467]
	Ordinal0 [0x00968AEF+2263791]
	Ordinal0 [0x0097D363+2347875]
	BaseThreadInitThunk [0x77966359+25]
	RtlGetAppContainerNamedObjectPath [0x77C28944+228]
	RtlGetAppContainerNamedObjectPath [0x77C28914+180]

	at sun.reflect.NativeConstructorAccessorImpl.newInstance0(Native Method)
	at sun.reflect.NativeConstructorAccessorImpl.newInstance(NativeConstructorAccessorImpl.java:62)
	at sun.reflect.DelegatingConstructorAccessorImpl.newInstance(DelegatingConstructorAccessorImpl.java:45)
	at java.lang.reflect.Constructor.newInstance(Constructor.java:423)
	at org.openqa.selenium.remote.W3CHandshakeResponse.lambda$errorHandler$0(W3CHandshakeResponse.java:62)
	at org.openqa.selenium.remote.HandshakeResponse.lambda$getResponseFunction$0(HandshakeResponse.java:30)
	at org.openqa.selenium.remote.ProtocolHandshake.lambda$createSession$0(ProtocolHandshake.java:126)
	at java.util.stream.ReferencePipeline$3$1.accept(ReferencePipeline.java:193)
	at java.util.Spliterators$ArraySpliterator.tryAdvance(Spliterators.java:958)
	at java.util.stream.ReferencePipeline.forEachWithCancel(ReferencePipeline.java:126)
	at java.util.stream.AbstractPipeline.copyIntoWithCancel(AbstractPipeline.java:498)
	at java.util.stream.AbstractPipeline.copyInto(AbstractPipeline.java:485)
	at java.util.stream.AbstractPipeline.wrapAndCopyInto(AbstractPipeline.java:471)
	at java.util.stream.FindOps$FindOp.evaluateSequential(FindOps.java:152)
	at java.util.stream.AbstractPipeline.evaluate(AbstractPipeline.java:234)
	at java.util.stream.ReferencePipeline.findFirst(ReferencePipeline.java:464)
	at org.openqa.selenium.remote.ProtocolHandshake.createSession(ProtocolHandshake.java:128)
	at org.openqa.selenium.remote.ProtocolHandshake.createSession(ProtocolHandshake.java:74)
	at org.openqa.selenium.remote.HttpCommandExecutor.execute(HttpCommandExecutor.java:136)
	at org.openqa.selenium.remote.service.DriverCommandExecutor.execute(DriverCommandExecutor.java:83)
	at org.openqa.selenium.remote.RemoteWebDriver.execute(RemoteWebDriver.java:552)
	at org.openqa.selenium.remote.RemoteWebDriver.startSession(RemoteWebDriver.java:213)
	at org.openqa.selenium.remote.RemoteWebDriver.&lt;init&gt;(RemoteWebDriver.java:131)
	at org.openqa.selenium.chrome.ChromeDriver.&lt;init&gt;(ChromeDriver.java:181)
	at org.openqa.selenium.chrome.ChromeDriver.&lt;init&gt;(ChromeDriver.java:168)
	at org.openqa.selenium.chrome.ChromeDriver.&lt;init&gt;(ChromeDriver.java:157)
	at utilities.TestUtility.launchBrowser(TestUtility.java:54)
	at tests.FBLoginTestDataProvider.launchSite(FBLoginTestDataProvider.java:52)
	at sun.reflect.NativeMethodAccessorImpl.invoke0(Native Method)
	at sun.reflect.NativeMethodAccessorImpl.invoke(NativeMethodAccessorImpl.java:62)
	at sun.reflect.DelegatingMethodAccessorImpl.invoke(DelegatingMethodAccessorImpl.java:43)
	at java.lang.reflect.Method.invoke(Method.java:498)
	at org.testng.internal.MethodInvocationHelper.invokeMethod(MethodInvocationHelper.java:132)
	at org.testng.internal.MethodInvocationHelper.invokeMethodConsideringTimeout(MethodInvocationHelper.java:61)
	at org.testng.internal.ConfigInvoker.invokeConfigurationMethod(ConfigInvoker.java:366)
	at org.testng.internal.ConfigInvoker.invokeConfigurations(ConfigInvoker.java:320)
	at org.testng.internal.TestInvoker.runConfigMethods(TestInvoker.java:701)
	at org.testng.internal.TestInvoker.invokeMethod(TestInvoker.java:527)
	at org.testng.internal.TestInvoker.invokeTestMethod(TestInvoker.java:174)
	at org.testng.internal.MethodRunner.runInSequence(MethodRunner.java:46)
	at org.testng.internal.TestInvoker$MethodInvocationAgent.invoke(TestInvoker.java:822)
	at org.testng.internal.TestInvoker.invokeTestMethods(TestInvoker.java:147)
	at org.testng.internal.TestMethodWorker.invokeTestMethods(TestMethodWorker.java:146)
	at org.testng.internal.TestMethodWorker.run(TestMethodWorker.java:128)
	at java.util.ArrayList.forEach(ArrayList.java:1257)
	at org.testng.TestRunner.privateRun(TestRunner.java:764)
	at org.testng.TestRunner.run(TestRunner.java:585)
	at org.testng.SuiteRunner.runTest(SuiteRunner.java:384)
	at org.testng.SuiteRunner.runSequentially(SuiteRunner.java:378)
	at org.testng.SuiteRunner.privateRun(SuiteRunner.java:337)
	at org.testng.SuiteRunner.run(SuiteRunner.java:286)
	at org.testng.SuiteRunnerWorker.runSuite(SuiteRunnerWorker.java:53)
	at org.testng.SuiteRunnerWorker.run(SuiteRunnerWorker.java:96)
	at org.testng.TestNG.runSuitesSequentially(TestNG.java:1218)
	at org.testng.TestNG.runSuitesLocally(TestNG.java:1140)
	at org.testng.TestNG.runSuites(TestNG.java:1069)
	at org.testng.TestNG.run(TestNG.java:1037)
	at org.apache.maven.surefire.testng.TestNGExecutor.run(TestNGExecutor.java:283)
	at org.apache.maven.surefire.testng.TestNGXmlTestSuite.execute(TestNGXmlTestSuite.java:75)
	at org.apache.maven.surefire.testng.TestNGProvider.invoke(TestNGProvider.java:120)
	at org.apache.maven.surefire.booter.ForkedBooter.invokeProviderInSameClassLoader(ForkedBooter.java:384)
	at org.apache.maven.surefire.booter.ForkedBooter.runSuitesInProcess(ForkedBooter.java:345)
	at org.apache.maven.surefire.booter.ForkedBooter.execute(ForkedBooter.java:126)
	at org.apache.maven.surefire.booter.ForkedBooter.main(ForkedBooter.java:418)
</pre></div></td>
<td>605</td>
<td>tests.FBLoginTestDataProvider@7791a895</td></tr>
</table><p>
<table width='100%' border='1' class='invocation-skipped'>
<tr><td colspan='4' align='center'><b>SKIPPED CONFIGURATIONS</b></td></tr>
<tr><td><b>Test method</b></td>
<td width="30%"><b>Exception</b></td>
<td width="10%"><b>Time (seconds)</b></td>
<td><b>Instance</b></td>
</tr>
<tr>
<td title='tests.FBLoginTestDataProvider.closeSite()'><b>closeSite</b><br>Test class: tests.FBLoginTestDataProvider</td>
<td></td>
<td>-1606119332</td>
<td>tests.FBLoginTestDataProvider@7791a895</td></tr>
</table><p>
<table width='100%' border='1' class='invocation-passed'>
<tr><td colspan='4' align='center'><b>PASSED TESTS</b></td></tr>
<tr><td><b>Test method</b></td>
<td width="30%"><b>Exception</b></td>
<td width="10%"><b>Time (seconds)</b></td>
<td><b>Instance</b></td>
</tr>
<tr>
<td title='tests.FBLoginTestDataProvider.loginTest()'><b>loginTest</b><br>Test class: tests.FBLoginTestDataProvider<br>Parameters: , blank, PNRSIR@123, valid<br/>
<a href="#Output-1688470144" onClick='toggleBox("Output-1688470144", this, "Show output", "Hide output");'>Show output</a>

<a href="#Output-1688470144" onClick="toggleAllBoxes();">Show all outputs</a>
<div class='log' id="Output-1688470144">
Blank/Nondomain email address test passed<br/>
</div>
</td>
<td></td>
<td>6</td>
<td>tests.FBLoginTestDataProvider@7791a895</td></tr>
<tr>
<td title='tests.FBLoginTestDataProvider.loginTest()'><b>loginTest</b><br>Test class: tests.FBLoginTestDataProvider<br>Parameters: codenonnnncontributors123@gmail.com, invalid, PNRSIR@123, valid<br/>
<a href="#Output-976827477" onClick='toggleBox("Output-976827477", this, "Show output", "Hide output");'>Show output</a>

<a href="#Output-976827477" onClick="toggleAllBoxes();">Show all outputs</a>
<div class='log' id="Output-976827477">
Invalid email address test passed<br/>
</div>
</td>
<td></td>
<td>7</td>
<td>tests.FBLoginTestDataProvider@7791a895</td></tr>
<tr>
<td title='tests.FBLoginTestDataProvider.loginTest()'><b>loginTest</b><br>Test class: tests.FBLoginTestDataProvider<br>Parameters: codecontributors123@gmail.com, valid, , blank<br/>
<a href="#Output-1338368149" onClick='toggleBox("Output-1338368149", this, "Show output", "Hide output");'>Show output</a>

<a href="#Output-1338368149" onClick="toggleAllBoxes();">Show all outputs</a>
<div class='log' id="Output-1338368149">
Blank/Invalid password test passed<br/>
</div>
</td>
<td></td>
<td>6</td>
<td>tests.FBLoginTestDataProvider@7791a895</td></tr>
<tr>
<td title='tests.FBLoginTestDataProvider.loginTest()'><b>loginTest</b><br>Test class: tests.FBLoginTestDataProvider<br>Parameters: codecontributors123@gmail.com, valid, nageswararao, invalid<br/>
<a href="#Output-1709578324" onClick='toggleBox("Output-1709578324", this, "Show output", "Hide output");'>Show output</a>

<a href="#Output-1709578324" onClick="toggleAllBoxes();">Show all outputs</a>
<div class='log' id="Output-1709578324">
Blank/Invalid password test passed<br/>
</div>
</td>
<td></td>
<td>6</td>
<td>tests.FBLoginTestDataProvider@7791a895</td></tr>
</table><p>
<table width='100%' border='1' class='invocation-skipped'>
<tr><td colspan='4' align='center'><b>SKIPPED TESTS</b></td></tr>
<tr><td><b>Test method</b></td>
<td width="30%"><b>Exception</b></td>
<td width="10%"><b>Time (seconds)</b></td>
<td><b>Instance</b></td>
</tr>
<tr>
<td title='tests.FBLoginTestDataProvider.loginTest()'><b>loginTest</b><br>Test class: tests.FBLoginTestDataProvider<br>Parameters: codecontributors123@gmail.com, valid, PNRSIR@123, valid</td>
<td><div><pre>org.openqa.selenium.SessionNotCreatedException: session not created
from timeout: Timed out receiving message from renderer: 600.000
  (Session info: chrome=87.0.4280.66)
Build info: version: &apos;3.141.59&apos;, revision: &apos;e82be7d358&apos;, time: &apos;2018-11-14T08:17:03&apos;
System info: host: &apos;DESKTOP-D8HNM4S&apos;, ip: &apos;192.168.1.7&apos;, os.name: &apos;Windows 10&apos;, os.arch: &apos;amd64&apos;, os.version: &apos;10.0&apos;, java.version: &apos;1.8.0_181&apos;
Driver info: driver.version: ChromeDriver
remote stacktrace: Backtrace:
	Ordinal0 [0x00A6ECE3+3337443]
	Ordinal0 [0x0094F041+2158657]
	Ordinal0 [0x007D6FA8+618408]
	Ordinal0 [0x007CAE8F+568975]
	Ordinal0 [0x007CA131+565553]
	Ordinal0 [0x007CA525+566565]
	Ordinal0 [0x007C9E45+564805]
	Ordinal0 [0x007D35C1+603585]
	Ordinal0 [0x007C9E01+564737]
	Ordinal0 [0x007CABB2+568242]
	Ordinal0 [0x007CA131+565553]
	Ordinal0 [0x007CA525+566565]
	Ordinal0 [0x007C9E45+564805]
	Ordinal0 [0x007D1A3C+596540]
	Ordinal0 [0x007C9E01+564737]
	Ordinal0 [0x007CABB2+568242]
	Ordinal0 [0x007CA131+565553]
	Ordinal0 [0x007CA525+566565]
	Ordinal0 [0x007C9E45+564805]
	Ordinal0 [0x007CFB72+588658]
	Ordinal0 [0x007C9E01+564737]
	Ordinal0 [0x007CABB2+568242]
	Ordinal0 [0x007CA131+565553]
	Ordinal0 [0x007CA525+566565]
	Ordinal0 [0x007C9E45+564805]
	Ordinal0 [0x007CED85+585093]
	Ordinal0 [0x007C9E01+564737]
	Ordinal0 [0x007CABB2+568242]
	Ordinal0 [0x007CA131+565553]
	Ordinal0 [0x007CA525+566565]
	Ordinal0 [0x007C9E45+564805]
	Ordinal0 [0x007C6486+550022]
	Ordinal0 [0x007C9E01+564737]
	Ordinal0 [0x007C9C23+564259]
	Ordinal0 [0x007C9A17+563735]
	Ordinal0 [0x007D7FD0+622544]
	Ordinal0 [0x00776B2D+224045]
	Ordinal0 [0x00775BFC+220156]
	Ordinal0 [0x0077181B+202779]
	Ordinal0 [0x00753D74+81268]
	Ordinal0 [0x00754D6E+85358]
	Ordinal0 [0x00754CF9+85241]
	Ordinal0 [0x00966F2C+2256684]
	GetHandleVerifier [0x00BF2FAC+1478332]
	GetHandleVerifier [0x00BF2AFD+1477133]
	GetHandleVerifier [0x00BFAAD8+1509864]
	GetHandleVerifier [0x00BF369E+1480110]
	Ordinal0 [0x0095D6BD+2217661]
	Ordinal0 [0x009689AB+2263467]
	Ordinal0 [0x00968AEF+2263791]
	Ordinal0 [0x0097D363+2347875]
	BaseThreadInitThunk [0x77966359+25]
	RtlGetAppContainerNamedObjectPath [0x77C28944+228]
	RtlGetAppContainerNamedObjectPath [0x77C28914+180]

	at org.openqa.selenium.remote.W3CHandshakeResponse.lambda$errorHandler$0(W3CHandshakeResponse.java:62)
	at org.openqa.selenium.remote.HandshakeResponse.lambda$getResponseFunction$0(HandshakeResponse.java:30)
	at org.openqa.selenium.remote.ProtocolHandshake.lambda$createSession$0(ProtocolHandshake.java:126)
	at java.util.stream.ReferencePipeline$3$1.accept(ReferencePipeline.java:193)
	at java.util.Spliterators$ArraySpliterator.tryAdvance(Spliterators.java:958)
	at java.util.stream.ReferencePipeline.forEachWithCancel(ReferencePipeline.java:126)
	at java.util.stream.AbstractPipeline.copyIntoWithCancel(AbstractPipeline.java:498)
	at java.util.stream.AbstractPipeline.copyInto(AbstractPipeline.java:485)
	at java.util.stream.AbstractPipeline.wrapAndCopyInto(AbstractPipeline.java:471)
	at java.util.stream.FindOps$FindOp.evaluateSequential(FindOps.java:152)
	at java.util.stream.AbstractPipeline.evaluate(AbstractPipeline.java:234)
	at java.util.stream.ReferencePipeline.findFirst(ReferencePipeline.java:464)
	at org.openqa.selenium.remote.ProtocolHandshake.createSession(ProtocolHandshake.java:128)
	at org.openqa.selenium.remote.ProtocolHandshake.createSession(ProtocolHandshake.java:74)
	at org.openqa.selenium.remote.HttpCommandExecutor.execute(HttpCommandExecutor.java:136)
	at org.openqa.selenium.remote.service.DriverCommandExecutor.execute(DriverCommandExecutor.java:83)
	at org.openqa.selenium.remote.RemoteWebDriver.execute(RemoteWebDriver.java:552)
	at org.openqa.selenium.remote.RemoteWebDriver.startSession(RemoteWebDriver.java:213)
	at org.openqa.selenium.remote.RemoteWebDriver.&lt;init&gt;(RemoteWebDriver.java:131)
	at org.openqa.selenium.chrome.ChromeDriver.&lt;init&gt;(ChromeDriver.java:181)
	at org.openqa.selenium.chrome.ChromeDriver.&lt;init&gt;(ChromeDriver.java:168)
	at org.openqa.selenium.chrome.ChromeDriver.&lt;init&gt;(ChromeDriver.java:157)
	at utilities.TestUtility.launchBrowser(TestUtility.java:54)
	at tests.FBLoginTestDataProvider.launchSite(FBLoginTestDataProvider.java:52)
	at java.util.ArrayList.forEach(ArrayList.java:1257)
... Removed 39 stack frames</pre></div><a href='#' onClick='toggleBox("stack-trace1504321715", this, "Click to show all stack frames", "Click to hide stack frames")'>Click to show all stack frames</a>
<div class='stack-trace' id='stack-trace1504321715'><pre>org.openqa.selenium.SessionNotCreatedException: session not created
from timeout: Timed out receiving message from renderer: 600.000
  (Session info: chrome=87.0.4280.66)
Build info: version: &apos;3.141.59&apos;, revision: &apos;e82be7d358&apos;, time: &apos;2018-11-14T08:17:03&apos;
System info: host: &apos;DESKTOP-D8HNM4S&apos;, ip: &apos;192.168.1.7&apos;, os.name: &apos;Windows 10&apos;, os.arch: &apos;amd64&apos;, os.version: &apos;10.0&apos;, java.version: &apos;1.8.0_181&apos;
Driver info: driver.version: ChromeDriver
remote stacktrace: Backtrace:
	Ordinal0 [0x00A6ECE3+3337443]
	Ordinal0 [0x0094F041+2158657]
	Ordinal0 [0x007D6FA8+618408]
	Ordinal0 [0x007CAE8F+568975]
	Ordinal0 [0x007CA131+565553]
	Ordinal0 [0x007CA525+566565]
	Ordinal0 [0x007C9E45+564805]
	Ordinal0 [0x007D35C1+603585]
	Ordinal0 [0x007C9E01+564737]
	Ordinal0 [0x007CABB2+568242]
	Ordinal0 [0x007CA131+565553]
	Ordinal0 [0x007CA525+566565]
	Ordinal0 [0x007C9E45+564805]
	Ordinal0 [0x007D1A3C+596540]
	Ordinal0 [0x007C9E01+564737]
	Ordinal0 [0x007CABB2+568242]
	Ordinal0 [0x007CA131+565553]
	Ordinal0 [0x007CA525+566565]
	Ordinal0 [0x007C9E45+564805]
	Ordinal0 [0x007CFB72+588658]
	Ordinal0 [0x007C9E01+564737]
	Ordinal0 [0x007CABB2+568242]
	Ordinal0 [0x007CA131+565553]
	Ordinal0 [0x007CA525+566565]
	Ordinal0 [0x007C9E45+564805]
	Ordinal0 [0x007CED85+585093]
	Ordinal0 [0x007C9E01+564737]
	Ordinal0 [0x007CABB2+568242]
	Ordinal0 [0x007CA131+565553]
	Ordinal0 [0x007CA525+566565]
	Ordinal0 [0x007C9E45+564805]
	Ordinal0 [0x007C6486+550022]
	Ordinal0 [0x007C9E01+564737]
	Ordinal0 [0x007C9C23+564259]
	Ordinal0 [0x007C9A17+563735]
	Ordinal0 [0x007D7FD0+622544]
	Ordinal0 [0x00776B2D+224045]
	Ordinal0 [0x00775BFC+220156]
	Ordinal0 [0x0077181B+202779]
	Ordinal0 [0x00753D74+81268]
	Ordinal0 [0x00754D6E+85358]
	Ordinal0 [0x00754CF9+85241]
	Ordinal0 [0x00966F2C+2256684]
	GetHandleVerifier [0x00BF2FAC+1478332]
	GetHandleVerifier [0x00BF2AFD+1477133]
	GetHandleVerifier [0x00BFAAD8+1509864]
	GetHandleVerifier [0x00BF369E+1480110]
	Ordinal0 [0x0095D6BD+2217661]
	Ordinal0 [0x009689AB+2263467]
	Ordinal0 [0x00968AEF+2263791]
	Ordinal0 [0x0097D363+2347875]
	BaseThreadInitThunk [0x77966359+25]
	RtlGetAppContainerNamedObjectPath [0x77C28944+228]
	RtlGetAppContainerNamedObjectPath [0x77C28914+180]

	at sun.reflect.NativeConstructorAccessorImpl.newInstance0(Native Method)
	at sun.reflect.NativeConstructorAccessorImpl.newInstance(NativeConstructorAccessorImpl.java:62)
	at sun.reflect.DelegatingConstructorAccessorImpl.newInstance(DelegatingConstructorAccessorImpl.java:45)
	at java.lang.reflect.Constructor.newInstance(Constructor.java:423)
	at org.openqa.selenium.remote.W3CHandshakeResponse.lambda$errorHandler$0(W3CHandshakeResponse.java:62)
	at org.openqa.selenium.remote.HandshakeResponse.lambda$getResponseFunction$0(HandshakeResponse.java:30)
	at org.openqa.selenium.remote.ProtocolHandshake.lambda$createSession$0(ProtocolHandshake.java:126)
	at java.util.stream.ReferencePipeline$3$1.accept(ReferencePipeline.java:193)
	at java.util.Spliterators$ArraySpliterator.tryAdvance(Spliterators.java:958)
	at java.util.stream.ReferencePipeline.forEachWithCancel(ReferencePipeline.java:126)
	at java.util.stream.AbstractPipeline.copyIntoWithCancel(AbstractPipeline.java:498)
	at java.util.stream.AbstractPipeline.copyInto(AbstractPipeline.java:485)
	at java.util.stream.AbstractPipeline.wrapAndCopyInto(AbstractPipeline.java:471)
	at java.util.stream.FindOps$FindOp.evaluateSequential(FindOps.java:152)
	at java.util.stream.AbstractPipeline.evaluate(AbstractPipeline.java:234)
	at java.util.stream.ReferencePipeline.findFirst(ReferencePipeline.java:464)
	at org.openqa.selenium.remote.ProtocolHandshake.createSession(ProtocolHandshake.java:128)
	at org.openqa.selenium.remote.ProtocolHandshake.createSession(ProtocolHandshake.java:74)
	at org.openqa.selenium.remote.HttpCommandExecutor.execute(HttpCommandExecutor.java:136)
	at org.openqa.selenium.remote.service.DriverCommandExecutor.execute(DriverCommandExecutor.java:83)
	at org.openqa.selenium.remote.RemoteWebDriver.execute(RemoteWebDriver.java:552)
	at org.openqa.selenium.remote.RemoteWebDriver.startSession(RemoteWebDriver.java:213)
	at org.openqa.selenium.remote.RemoteWebDriver.&lt;init&gt;(RemoteWebDriver.java:131)
	at org.openqa.selenium.chrome.ChromeDriver.&lt;init&gt;(ChromeDriver.java:181)
	at org.openqa.selenium.chrome.ChromeDriver.&lt;init&gt;(ChromeDriver.java:168)
	at org.openqa.selenium.chrome.ChromeDriver.&lt;init&gt;(ChromeDriver.java:157)
	at utilities.TestUtility.launchBrowser(TestUtility.java:54)
	at tests.FBLoginTestDataProvider.launchSite(FBLoginTestDataProvider.java:52)
	at sun.reflect.NativeMethodAccessorImpl.invoke0(Native Method)
	at sun.reflect.NativeMethodAccessorImpl.invoke(NativeMethodAccessorImpl.java:62)
	at sun.reflect.DelegatingMethodAccessorImpl.invoke(DelegatingMethodAccessorImpl.java:43)
	at java.lang.reflect.Method.invoke(Method.java:498)
	at org.testng.internal.MethodInvocationHelper.invokeMethod(MethodInvocationHelper.java:132)
	at org.testng.internal.MethodInvocationHelper.invokeMethodConsideringTimeout(MethodInvocationHelper.java:61)
	at org.testng.internal.ConfigInvoker.invokeConfigurationMethod(ConfigInvoker.java:366)
	at org.testng.internal.ConfigInvoker.invokeConfigurations(ConfigInvoker.java:320)
	at org.testng.internal.TestInvoker.runConfigMethods(TestInvoker.java:701)
	at org.testng.internal.TestInvoker.invokeMethod(TestInvoker.java:527)
	at org.testng.internal.TestInvoker.invokeTestMethod(TestInvoker.java:174)
	at org.testng.internal.MethodRunner.runInSequence(MethodRunner.java:46)
	at org.testng.internal.TestInvoker$MethodInvocationAgent.invoke(TestInvoker.java:822)
	at org.testng.internal.TestInvoker.invokeTestMethods(TestInvoker.java:147)
	at org.testng.internal.TestMethodWorker.invokeTestMethods(TestMethodWorker.java:146)
	at org.testng.internal.TestMethodWorker.run(TestMethodWorker.java:128)
	at java.util.ArrayList.forEach(ArrayList.java:1257)
	at org.testng.TestRunner.privateRun(TestRunner.java:764)
	at org.testng.TestRunner.run(TestRunner.java:585)
	at org.testng.SuiteRunner.runTest(SuiteRunner.java:384)
	at org.testng.SuiteRunner.runSequentially(SuiteRunner.java:378)
	at org.testng.SuiteRunner.privateRun(SuiteRunner.java:337)
	at org.testng.SuiteRunner.run(SuiteRunner.java:286)
	at org.testng.SuiteRunnerWorker.runSuite(SuiteRunnerWorker.java:53)
	at org.testng.SuiteRunnerWorker.run(SuiteRunnerWorker.java:96)
	at org.testng.TestNG.runSuitesSequentially(TestNG.java:1218)
	at org.testng.TestNG.runSuitesLocally(TestNG.java:1140)
	at org.testng.TestNG.runSuites(TestNG.java:1069)
	at org.testng.TestNG.run(TestNG.java:1037)
	at org.apache.maven.surefire.testng.TestNGExecutor.run(TestNGExecutor.java:283)
	at org.apache.maven.surefire.testng.TestNGXmlTestSuite.execute(TestNGXmlTestSuite.java:75)
	at org.apache.maven.surefire.testng.TestNGProvider.invoke(TestNGProvider.java:120)
	at org.apache.maven.surefire.booter.ForkedBooter.invokeProviderInSameClassLoader(ForkedBooter.java:384)
	at org.apache.maven.surefire.booter.ForkedBooter.runSuitesInProcess(ForkedBooter.java:345)
	at org.apache.maven.surefire.booter.ForkedBooter.execute(ForkedBooter.java:126)
	at org.apache.maven.surefire.booter.ForkedBooter.main(ForkedBooter.java:418)
</pre></div></td>
<td>0</td>
<td>tests.FBLoginTestDataProvider@7791a895</td></tr>
</table><p>
</body>
</html>