<?xml version="1.0" encoding="UTF-8"?>
<!-- Generated by org.testng.reporters.JUnitXMLReporter -->
<testsuite hostname="DESKTOP-D8HNM4S" ignored="0" name="Login Test" tests="5" failures="0" timestamp="2020-11-23T13:45:32 IST" time="662.119" errors="0">
  <testcase name="@BeforeMethod launchSite" time="605.289" classname="tests.FBLoginTestDataProvider">
    <failure type="org.openqa.selenium.SessionNotCreatedException" message="session not created
from timeout: Timed out receiving message from renderer: 600.000
  (Session info: chrome=87.0.4280.66)
Build info: version: &amp;apos;3.141.59&amp;apos;, revision: &amp;apos;e82be7d358&amp;apos;, time: &amp;apos;2018-11-14T08:17:03&amp;apos;
System info: host: &amp;apos;DESKTOP-D8HNM4S&amp;apos;, ip: &amp;apos;192.168.1.7&amp;apos;, os.name: &amp;apos;Windows 10&amp;apos;, os.arch: &amp;apos;amd64&amp;apos;, os.version: &amp;apos;10.0&amp;apos;, java.version: &amp;apos;1.8.0_181&amp;apos;
Driver info: driver.version: ChromeDriver
remote stacktrace: Backtrace:
	Ordinal0 [0x00A6ECE3+3337443]
	Ordinal0 [0x0094F041+2158657]
	Ordinal0 [0x007D6FA8+618408]
	Ordinal0 [0x007CAE8F+568975]
	Ordinal0 [0x007CA131+565553]
	Ordinal0 [0x007CA525+566565]
	Ordinal0 [0x007C9E45+564805]
	Ordinal0 [0x007D35C1+603585]
	Ordinal0 [0x007C9E01+564737]
	Ordinal0 [0x007CABB2+568242]
	Ordinal0 [0x007CA131+565553]
	Ordinal0 [0x007CA525+566565]
	Ordinal0 [0x007C9E45+564805]
	Ordinal0 [0x007D1A3C+596540]
	Ordinal0 [0x007C9E01+564737]
	Ordinal0 [0x007CABB2+568242]
	Ordinal0 [0x007CA131+565553]
	Ordinal0 [0x007CA525+566565]
	Ordinal0 [0x007C9E45+564805]
	Ordinal0 [0x007CFB72+588658]
	Ordinal0 [0x007C9E01+564737]
	Ordinal0 [0x007CABB2+568242]
	Ordinal0 [0x007CA131+565553]
	Ordinal0 [0x007CA525+566565]
	Ordinal0 [0x007C9E45+564805]
	Ordinal0 [0x007CED85+585093]
	Ordinal0 [0x007C9E01+564737]
	Ordinal0 [0x007CABB2+568242]
	Ordinal0 [0x007CA131+565553]
	Ordinal0 [0x007CA525+566565]
	Ordinal0 [0x007C9E45+564805]
	Ordinal0 [0x007C6486+550022]
	Ordinal0 [0x007C9E01+564737]
	Ordinal0 [0x007C9C23+564259]
	Ordinal0 [0x007C9A17+563735]
	Ordinal0 [0x007D7FD0+622544]
	Ordinal0 [0x00776B2D+224045]
	Ordinal0 [0x00775BFC+220156]
	Ordinal0 [0x0077181B+202779]
	Ordinal0 [0x00753D74+81268]
	Ordinal0 [0x00754D6E+85358]
	Ordinal0 [0x00754CF9+85241]
	Ordinal0 [0x00966F2C+2256684]
	GetHandleVerifier [0x00BF2FAC+1478332]
	GetHandleVerifier [0x00BF2AFD+1477133]
	GetHandleVerifier [0x00BFAAD8+1509864]
	GetHandleVerifier [0x00BF369E+1480110]
	Ordinal0 [0x0095D6BD+2217661]
	Ordinal0 [0x009689AB+2263467]
	Ordinal0 [0x00968AEF+2263791]
	Ordinal0 [0x0097D363+2347875]
	BaseThreadInitThunk [0x77966359+25]
	RtlGetAppContainerNamedObjectPath [0x77C28944+228]
	RtlGetAppContainerNamedObjectPath [0x77C28914+180]
">
      <![CDATA[org.openqa.selenium.SessionNotCreatedException: session not created
from timeout: Timed out receiving message from renderer: 600.000
  (Session info: chrome=87.0.4280.66)
Build info: version: '3.141.59', revision: 'e82be7d358', time: '2018-11-14T08:17:03'
System info: host: 'DESKTOP-D8HNM4S', ip: '192.168.1.7', os.name: 'Windows 10', os.arch: 'amd64', os.version: '10.0', java.version: '1.8.0_181'
Driver info: driver.version: ChromeDriver
remote stacktrace: Backtrace:
Ordinal0 [0x00A6ECE3+3337443]
Ordinal0 [0x0094F041+2158657]
Ordinal0 [0x007D6FA8+618408]
Ordinal0 [0x007CAE8F+568975]
Ordinal0 [0x007CA131+565553]
Ordinal0 [0x007CA525+566565]
Ordinal0 [0x007C9E45+564805]
Ordinal0 [0x007D35C1+603585]
Ordinal0 [0x007C9E01+564737]
Ordinal0 [0x007CABB2+568242]
Ordinal0 [0x007CA131+565553]
Ordinal0 [0x007CA525+566565]
Ordinal0 [0x007C9E45+564805]
Ordinal0 [0x007D1A3C+596540]
Ordinal0 [0x007C9E01+564737]
Ordinal0 [0x007CABB2+568242]
Ordinal0 [0x007CA131+565553]
Ordinal0 [0x007CA525+566565]
Ordinal0 [0x007C9E45+564805]
Ordinal0 [0x007CFB72+588658]
Ordinal0 [0x007C9E01+564737]
Ordinal0 [0x007CABB2+568242]
Ordinal0 [0x007CA131+565553]
Ordinal0 [0x007CA525+566565]
Ordinal0 [0x007C9E45+564805]
Ordinal0 [0x007CED85+585093]
Ordinal0 [0x007C9E01+564737]
Ordinal0 [0x007CABB2+568242]
Ordinal0 [0x007CA131+565553]
Ordinal0 [0x007CA525+566565]
Ordinal0 [0x007C9E45+564805]
Ordinal0 [0x007C6486+550022]
Ordinal0 [0x007C9E01+564737]
Ordinal0 [0x007C9C23+564259]
Ordinal0 [0x007C9A17+563735]
Ordinal0 [0x007D7FD0+622544]
Ordinal0 [0x00776B2D+224045]
Ordinal0 [0x00775BFC+220156]
Ordinal0 [0x0077181B+202779]
Ordinal0 [0x00753D74+81268]
Ordinal0 [0x00754D6E+85358]
Ordinal0 [0x00754CF9+85241]
Ordinal0 [0x00966F2C+2256684]
GetHandleVerifier [0x00BF2FAC+1478332]
GetHandleVerifier [0x00BF2AFD+1477133]
GetHandleVerifier [0x00BFAAD8+1509864]
GetHandleVerifier [0x00BF369E+1480110]
Ordinal0 [0x0095D6BD+2217661]
Ordinal0 [0x009689AB+2263467]
Ordinal0 [0x00968AEF+2263791]
Ordinal0 [0x0097D363+2347875]
BaseThreadInitThunk [0x77966359+25]
RtlGetAppContainerNamedObjectPath [0x77C28944+228]
RtlGetAppContainerNamedObjectPath [0x77C28914+180]

at org.openqa.selenium.remote.W3CHandshakeResponse.lambda$errorHandler$0(W3CHandshakeResponse.java:62)
at org.openqa.selenium.remote.HandshakeResponse.lambda$getResponseFunction$0(HandshakeResponse.java:30)
at org.openqa.selenium.remote.ProtocolHandshake.lambda$createSession$0(ProtocolHandshake.java:126)
at java.util.stream.ReferencePipeline$3$1.accept(ReferencePipeline.java:193)
at java.util.Spliterators$ArraySpliterator.tryAdvance(Spliterators.java:958)
at java.util.stream.ReferencePipeline.forEachWithCancel(ReferencePipeline.java:126)
at java.util.stream.AbstractPipeline.copyIntoWithCancel(AbstractPipeline.java:498)
at java.util.stream.AbstractPipeline.copyInto(AbstractPipeline.java:485)
at java.util.stream.AbstractPipeline.wrapAndCopyInto(AbstractPipeline.java:471)
at java.util.stream.FindOps$FindOp.evaluateSequential(FindOps.java:152)
at java.util.stream.AbstractPipeline.evaluate(AbstractPipeline.java:234)
at java.util.stream.ReferencePipeline.findFirst(ReferencePipeline.java:464)
at org.openqa.selenium.remote.ProtocolHandshake.createSession(ProtocolHandshake.java:128)
at org.openqa.selenium.remote.ProtocolHandshake.createSession(ProtocolHandshake.java:74)
at org.openqa.selenium.remote.HttpCommandExecutor.execute(HttpCommandExecutor.java:136)
at org.openqa.selenium.remote.service.DriverCommandExecutor.execute(DriverCommandExecutor.java:83)
at org.openqa.selenium.remote.RemoteWebDriver.execute(RemoteWebDriver.java:552)
at org.openqa.selenium.remote.RemoteWebDriver.startSession(RemoteWebDriver.java:213)
at org.openqa.selenium.remote.RemoteWebDriver.<init>(RemoteWebDriver.java:131)
at org.openqa.selenium.chrome.ChromeDriver.<init>(ChromeDriver.java:181)
at org.openqa.selenium.chrome.ChromeDriver.<init>(ChromeDriver.java:168)
at org.openqa.selenium.chrome.ChromeDriver.<init>(ChromeDriver.java:157)
at utilities.TestUtility.launchBrowser(TestUtility.java:54)
at tests.FBLoginTestDataProvider.launchSite(FBLoginTestDataProvider.java:52)
at java.util.ArrayList.forEach(ArrayList.java:1257)
... Removed 39 stack frames]]>
    </failure>
  </testcase> <!-- @BeforeMethod launchSite -->
  <testcase name="@AfterMethod closeSite" time="-1.606119332941E9" classname="tests.FBLoginTestDataProvider">
    <skipped/>
  </testcase> <!-- @AfterMethod closeSite -->
  <testcase name="loginTest" time="6.547" classname="tests.FBLoginTestDataProvider"/>
  <testcase name="loginTest" time="7.44" classname="tests.FBLoginTestDataProvider"/>
  <testcase name="loginTest" time="6.494" classname="tests.FBLoginTestDataProvider"/>
  <testcase name="loginTest" time="6.574" classname="tests.FBLoginTestDataProvider"/>
  <testcase name="loginTest" time="0.0" classname="tests.FBLoginTestDataProvider">
    <skipped/>
  </testcase> <!-- loginTest -->
</testsuite> <!-- Login Test -->
