<?xml version="1.0" encoding="UTF-8"?>
<!-- Generated by org.testng.reporters.JUnitXMLReporter -->
<testsuite hostname="DESKTOP-D8HNM4S" ignored="0" name="Test4" tests="3" failures="3" timestamp="2020-11-21T21:09:19 IST" time="609.551" errors="0">
  <testcase name="launchSite" time="609.495" classname="tests.FBLoginTest">
    <failure type="org.openqa.selenium.SessionNotCreatedException" message="session not created
from timeout: Timed out receiving message from renderer: 600.000
  (Session info: chrome=87.0.4280.66)
Build info: version: &amp;apos;3.141.59&amp;apos;, revision: &amp;apos;e82be7d358&amp;apos;, time: &amp;apos;2018-11-14T08:17:03&amp;apos;
System info: host: &amp;apos;DESKTOP-D8HNM4S&amp;apos;, ip: &amp;apos;192.168.1.7&amp;apos;, os.name: &amp;apos;Windows 10&amp;apos;, os.arch: &amp;apos;amd64&amp;apos;, os.version: &amp;apos;10.0&amp;apos;, java.version: &amp;apos;1.8.0_181&amp;apos;
Driver info: driver.version: ChromeDriver
remote stacktrace: Backtrace:
	Ordinal0 [0x00FEECE3+3337443]
	Ordinal0 [0x00ECF041+2158657]
	Ordinal0 [0x00D56FA8+618408]
	Ordinal0 [0x00D4AE8F+568975]
	Ordinal0 [0x00D4A131+565553]
	Ordinal0 [0x00D4A525+566565]
	Ordinal0 [0x00D49E45+564805]
	Ordinal0 [0x00D535C1+603585]
	Ordinal0 [0x00D49E01+564737]
	Ordinal0 [0x00D4ABB2+568242]
	Ordinal0 [0x00D4A131+565553]
	Ordinal0 [0x00D4A525+566565]
	Ordinal0 [0x00D49E45+564805]
	Ordinal0 [0x00D51A3C+596540]
	Ordinal0 [0x00D49E01+564737]
	Ordinal0 [0x00D4ABB2+568242]
	Ordinal0 [0x00D4A131+565553]
	Ordinal0 [0x00D4A525+566565]
	Ordinal0 [0x00D49E45+564805]
	Ordinal0 [0x00D4FB72+588658]
	Ordinal0 [0x00D49E01+564737]
	Ordinal0 [0x00D4ABB2+568242]
	Ordinal0 [0x00D4A131+565553]
	Ordinal0 [0x00D4A525+566565]
	Ordinal0 [0x00D49E45+564805]
	Ordinal0 [0x00D4ED85+585093]
	Ordinal0 [0x00D49E01+564737]
	Ordinal0 [0x00D4ABB2+568242]
	Ordinal0 [0x00D4A131+565553]
	Ordinal0 [0x00D4A525+566565]
	Ordinal0 [0x00D49E45+564805]
	Ordinal0 [0x00D46486+550022]
	Ordinal0 [0x00D49E01+564737]
	Ordinal0 [0x00D49C23+564259]
	Ordinal0 [0x00D49A17+563735]
	Ordinal0 [0x00D57FD0+622544]
	Ordinal0 [0x00CF6B2D+224045]
	Ordinal0 [0x00CF5BFC+220156]
	Ordinal0 [0x00CF181B+202779]
	Ordinal0 [0x00CD3D74+81268]
	Ordinal0 [0x00CD4D6E+85358]
	Ordinal0 [0x00CD4CF9+85241]
	Ordinal0 [0x00EE6F2C+2256684]
	GetHandleVerifier [0x01172FAC+1478332]
	GetHandleVerifier [0x01172AFD+1477133]
	GetHandleVerifier [0x0117AAD8+1509864]
	GetHandleVerifier [0x0117369E+1480110]
	Ordinal0 [0x00EDD6BD+2217661]
	Ordinal0 [0x00EE89AB+2263467]
	Ordinal0 [0x00EE8AEF+2263791]
	Ordinal0 [0x00EFD363+2347875]
	BaseThreadInitThunk [0x768A6359+25]
	RtlGetAppContainerNamedObjectPath [0x778B8944+228]
	RtlGetAppContainerNamedObjectPath [0x778B8914+180]
">
      <![CDATA[org.openqa.selenium.SessionNotCreatedException: session not created
from timeout: Timed out receiving message from renderer: 600.000
  (Session info: chrome=87.0.4280.66)
Build info: version: '3.141.59', revision: 'e82be7d358', time: '2018-11-14T08:17:03'
System info: host: 'DESKTOP-D8HNM4S', ip: '192.168.1.7', os.name: 'Windows 10', os.arch: 'amd64', os.version: '10.0', java.version: '1.8.0_181'
Driver info: driver.version: ChromeDriver
remote stacktrace: Backtrace:
Ordinal0 [0x00FEECE3+3337443]
Ordinal0 [0x00ECF041+2158657]
Ordinal0 [0x00D56FA8+618408]
Ordinal0 [0x00D4AE8F+568975]
Ordinal0 [0x00D4A131+565553]
Ordinal0 [0x00D4A525+566565]
Ordinal0 [0x00D49E45+564805]
Ordinal0 [0x00D535C1+603585]
Ordinal0 [0x00D49E01+564737]
Ordinal0 [0x00D4ABB2+568242]
Ordinal0 [0x00D4A131+565553]
Ordinal0 [0x00D4A525+566565]
Ordinal0 [0x00D49E45+564805]
Ordinal0 [0x00D51A3C+596540]
Ordinal0 [0x00D49E01+564737]
Ordinal0 [0x00D4ABB2+568242]
Ordinal0 [0x00D4A131+565553]
Ordinal0 [0x00D4A525+566565]
Ordinal0 [0x00D49E45+564805]
Ordinal0 [0x00D4FB72+588658]
Ordinal0 [0x00D49E01+564737]
Ordinal0 [0x00D4ABB2+568242]
Ordinal0 [0x00D4A131+565553]
Ordinal0 [0x00D4A525+566565]
Ordinal0 [0x00D49E45+564805]
Ordinal0 [0x00D4ED85+585093]
Ordinal0 [0x00D49E01+564737]
Ordinal0 [0x00D4ABB2+568242]
Ordinal0 [0x00D4A131+565553]
Ordinal0 [0x00D4A525+566565]
Ordinal0 [0x00D49E45+564805]
Ordinal0 [0x00D46486+550022]
Ordinal0 [0x00D49E01+564737]
Ordinal0 [0x00D49C23+564259]
Ordinal0 [0x00D49A17+563735]
Ordinal0 [0x00D57FD0+622544]
Ordinal0 [0x00CF6B2D+224045]
Ordinal0 [0x00CF5BFC+220156]
Ordinal0 [0x00CF181B+202779]
Ordinal0 [0x00CD3D74+81268]
Ordinal0 [0x00CD4D6E+85358]
Ordinal0 [0x00CD4CF9+85241]
Ordinal0 [0x00EE6F2C+2256684]
GetHandleVerifier [0x01172FAC+1478332]
GetHandleVerifier [0x01172AFD+1477133]
GetHandleVerifier [0x0117AAD8+1509864]
GetHandleVerifier [0x0117369E+1480110]
Ordinal0 [0x00EDD6BD+2217661]
Ordinal0 [0x00EE89AB+2263467]
Ordinal0 [0x00EE8AEF+2263791]
Ordinal0 [0x00EFD363+2347875]
BaseThreadInitThunk [0x768A6359+25]
RtlGetAppContainerNamedObjectPath [0x778B8944+228]
RtlGetAppContainerNamedObjectPath [0x778B8914+180]

at org.openqa.selenium.remote.W3CHandshakeResponse.lambda$errorHandler$0(W3CHandshakeResponse.java:62)
at org.openqa.selenium.remote.HandshakeResponse.lambda$getResponseFunction$0(HandshakeResponse.java:30)
at org.openqa.selenium.remote.ProtocolHandshake.lambda$createSession$0(ProtocolHandshake.java:126)
at java.util.stream.ReferencePipeline$3$1.accept(ReferencePipeline.java:193)
at java.util.Spliterators$ArraySpliterator.tryAdvance(Spliterators.java:958)
at java.util.stream.ReferencePipeline.forEachWithCancel(ReferencePipeline.java:126)
at java.util.stream.AbstractPipeline.copyIntoWithCancel(AbstractPipeline.java:498)
at java.util.stream.AbstractPipeline.copyInto(AbstractPipeline.java:485)
at java.util.stream.AbstractPipeline.wrapAndCopyInto(AbstractPipeline.java:471)
at java.util.stream.FindOps$FindOp.evaluateSequential(FindOps.java:152)
at java.util.stream.AbstractPipeline.evaluate(AbstractPipeline.java:234)
at java.util.stream.ReferencePipeline.findFirst(ReferencePipeline.java:464)
at org.openqa.selenium.remote.ProtocolHandshake.createSession(ProtocolHandshake.java:128)
at org.openqa.selenium.remote.ProtocolHandshake.createSession(ProtocolHandshake.java:74)
at org.openqa.selenium.remote.HttpCommandExecutor.execute(HttpCommandExecutor.java:136)
at org.openqa.selenium.remote.service.DriverCommandExecutor.execute(DriverCommandExecutor.java:83)
at org.openqa.selenium.remote.RemoteWebDriver.execute(RemoteWebDriver.java:552)
at org.openqa.selenium.remote.RemoteWebDriver.startSession(RemoteWebDriver.java:213)
at org.openqa.selenium.remote.RemoteWebDriver.<init>(RemoteWebDriver.java:131)
at org.openqa.selenium.chrome.ChromeDriver.<init>(ChromeDriver.java:181)
at org.openqa.selenium.chrome.ChromeDriver.<init>(ChromeDriver.java:168)
at org.openqa.selenium.chrome.ChromeDriver.<init>(ChromeDriver.java:157)
at utilities.TestUtility.launchBrowser(TestUtility.java:54)
at tests.FBLoginTest.launchSite(FBLoginTest.java:37)
at java.util.ArrayList.forEach(ArrayList.java:1257)
at java.util.concurrent.FutureTask.run(FutureTask.java:266)
at java.util.concurrent.ThreadPoolExecutor.runWorker(ThreadPoolExecutor.java:1149)
at java.util.concurrent.ThreadPoolExecutor$Worker.run(ThreadPoolExecutor.java:624)
at java.lang.Thread.run(Thread.java:748)
... Removed 22 stack frames]]>
    </failure>
  </testcase> <!-- launchSite -->
  <testcase name="loginTest" time="0.0" classname="tests.FBLoginTest">
    <failure type="java.lang.NullPointerException">
      <![CDATA[java.lang.NullPointerException
at tests.FBLoginTest.loginTest(FBLoginTest.java:55)
at java.util.ArrayList.forEach(ArrayList.java:1257)
at java.util.concurrent.FutureTask.run(FutureTask.java:266)
at java.util.concurrent.ThreadPoolExecutor.runWorker(ThreadPoolExecutor.java:1149)
at java.util.concurrent.ThreadPoolExecutor$Worker.run(ThreadPoolExecutor.java:624)
at java.lang.Thread.run(Thread.java:748)
... Removed 18 stack frames]]>
    </failure>
  </testcase> <!-- loginTest -->
  <testcase name="closeSite" time="0.001" classname="tests.FBLoginTest">
    <failure type="java.lang.NullPointerException">
      <![CDATA[java.lang.NullPointerException
at utilities.TestUtility.closeSite(TestUtility.java:108)
at tests.FBLoginTest.closeSite(FBLoginTest.java:114)
at java.util.ArrayList.forEach(ArrayList.java:1257)
at java.util.concurrent.FutureTask.run(FutureTask.java:266)
at java.util.concurrent.ThreadPoolExecutor.runWorker(ThreadPoolExecutor.java:1149)
at java.util.concurrent.ThreadPoolExecutor$Worker.run(ThreadPoolExecutor.java:624)
at java.lang.Thread.run(Thread.java:748)
... Removed 18 stack frames]]>
    </failure>
  </testcase> <!-- closeSite -->
</testsuite> <!-- Test4 -->
