<html>
<head>
<title>TestNG:  Test4</title>
<link href="../testng.css" rel="stylesheet" type="text/css" />
<link href="../my-testng.css" rel="stylesheet" type="text/css" />

<style type="text/css">
.log { display: none;} 
.stack-trace { display: none;} 
</style>
<script type="text/javascript">
<!--
function flip(e) {
  current = e.style.display;
  if (current == 'block') {
    e.style.display = 'none';
    return 0;
  }
  else {
    e.style.display = 'block';
    return 1;
  }
}

function toggleBox(szDivId, elem, msg1, msg2)
{
  var res = -1;  if (document.getElementById) {
    res = flip(document.getElementById(szDivId));
  }
  else if (document.all) {
    // this is the way old msie versions work
    res = flip(document.all[szDivId]);
  }
  if(elem) {
    if(res == 0) elem.innerHTML = msg1; else elem.innerHTML = msg2;
  }

}

function toggleAllBoxes() {
  if (document.getElementsByTagName) {
    d = document.getElementsByTagName('div');
    for (i = 0; i < d.length; i++) {
      if (d[i].className == 'log') {
        flip(d[i]);
      }
    }
  }
}

// -->
</script>

</head>
<body>
<h2 align='center'>Test4</h2><table border='1' align="center">
<tr>
<td>Tests passed/Failed/Skipped:</td><td>0/3/0</td>
</tr><tr>
<td>Started on:</td><td>Sat Nov 21 20:59:09 IST 2020</td>
</tr>
<tr><td>Total time:</td><td>609 seconds (609551 ms)</td>
</tr><tr>
<td>Included groups:</td><td></td>
</tr><tr>
<td>Excluded groups:</td><td></td>
</tr>
</table><p/>
<small><i>(Hover the method name to see the test class name)</i></small><p/>
<table width='100%' border='1' class='invocation-failed'>
<tr><td colspan='4' align='center'><b>FAILED TESTS</b></td></tr>
<tr><td><b>Test method</b></td>
<td width="30%"><b>Exception</b></td>
<td width="10%"><b>Time (seconds)</b></td>
<td><b>Instance</b></td>
</tr>
<tr>
<td title='tests.FBLoginTest.closeSite()'><b>closeSite</b><br>Test class: tests.FBLoginTest</td>
<td><div><pre>java.lang.NullPointerException
	at utilities.TestUtility.closeSite(TestUtility.java:108)
	at tests.FBLoginTest.closeSite(FBLoginTest.java:114)
	at java.util.ArrayList.forEach(ArrayList.java:1257)
	at java.util.concurrent.FutureTask.run(FutureTask.java:266)
	at java.util.concurrent.ThreadPoolExecutor.runWorker(ThreadPoolExecutor.java:1149)
	at java.util.concurrent.ThreadPoolExecutor$Worker.run(ThreadPoolExecutor.java:624)
	at java.lang.Thread.run(Thread.java:748)
... Removed 18 stack frames</pre></div><a href='#' onClick='toggleBox("stack-trace734249726", this, "Click to show all stack frames", "Click to hide stack frames")'>Click to show all stack frames</a>
<div class='stack-trace' id='stack-trace734249726'><pre>java.lang.NullPointerException
	at utilities.TestUtility.closeSite(TestUtility.java:108)
	at tests.FBLoginTest.closeSite(FBLoginTest.java:114)
	at sun.reflect.NativeMethodAccessorImpl.invoke0(Native Method)
	at sun.reflect.NativeMethodAccessorImpl.invoke(NativeMethodAccessorImpl.java:62)
	at sun.reflect.DelegatingMethodAccessorImpl.invoke(DelegatingMethodAccessorImpl.java:43)
	at java.lang.reflect.Method.invoke(Method.java:498)
	at org.testng.internal.MethodInvocationHelper.invokeMethod(MethodInvocationHelper.java:132)
	at org.testng.internal.TestInvoker.invokeMethod(TestInvoker.java:599)
	at org.testng.internal.TestInvoker.invokeTestMethod(TestInvoker.java:174)
	at org.testng.internal.MethodRunner.runInSequence(MethodRunner.java:46)
	at org.testng.internal.TestInvoker$MethodInvocationAgent.invoke(TestInvoker.java:822)
	at org.testng.internal.TestInvoker.invokeTestMethods(TestInvoker.java:147)
	at org.testng.internal.TestMethodWorker.invokeTestMethods(TestMethodWorker.java:146)
	at org.testng.internal.TestMethodWorker.run(TestMethodWorker.java:128)
	at java.util.ArrayList.forEach(ArrayList.java:1257)
	at org.testng.TestRunner.privateRun(TestRunner.java:764)
	at org.testng.TestRunner.run(TestRunner.java:585)
	at org.testng.SuiteRunner.runTest(SuiteRunner.java:384)
	at org.testng.SuiteRunner.access$000(SuiteRunner.java:28)
	at org.testng.SuiteRunner$SuiteWorker.run(SuiteRunner.java:425)
	at org.testng.internal.thread.ThreadUtil.lambda$execute$0(ThreadUtil.java:66)
	at java.util.concurrent.FutureTask.run(FutureTask.java:266)
	at java.util.concurrent.ThreadPoolExecutor.runWorker(ThreadPoolExecutor.java:1149)
	at java.util.concurrent.ThreadPoolExecutor$Worker.run(ThreadPoolExecutor.java:624)
	at java.lang.Thread.run(Thread.java:748)
</pre></div></td>
<td>0</td>
<td>tests.FBLoginTest@30b8a058</td></tr>
<tr>
<td title='tests.FBLoginTest.launchSite()'><b>launchSite</b><br>Test class: tests.FBLoginTest<br>Parameters: chrome</td>
<td><div><pre>org.openqa.selenium.SessionNotCreatedException: session not created
from timeout: Timed out receiving message from renderer: 600.000
  (Session info: chrome=87.0.4280.66)
Build info: version: &apos;3.141.59&apos;, revision: &apos;e82be7d358&apos;, time: &apos;2018-11-14T08:17:03&apos;
System info: host: &apos;DESKTOP-D8HNM4S&apos;, ip: &apos;192.168.1.7&apos;, os.name: &apos;Windows 10&apos;, os.arch: &apos;amd64&apos;, os.version: &apos;10.0&apos;, java.version: &apos;1.8.0_181&apos;
Driver info: driver.version: ChromeDriver
remote stacktrace: Backtrace:
	Ordinal0 [0x00FEECE3+3337443]
	Ordinal0 [0x00ECF041+2158657]
	Ordinal0 [0x00D56FA8+618408]
	Ordinal0 [0x00D4AE8F+568975]
	Ordinal0 [0x00D4A131+565553]
	Ordinal0 [0x00D4A525+566565]
	Ordinal0 [0x00D49E45+564805]
	Ordinal0 [0x00D535C1+603585]
	Ordinal0 [0x00D49E01+564737]
	Ordinal0 [0x00D4ABB2+568242]
	Ordinal0 [0x00D4A131+565553]
	Ordinal0 [0x00D4A525+566565]
	Ordinal0 [0x00D49E45+564805]
	Ordinal0 [0x00D51A3C+596540]
	Ordinal0 [0x00D49E01+564737]
	Ordinal0 [0x00D4ABB2+568242]
	Ordinal0 [0x00D4A131+565553]
	Ordinal0 [0x00D4A525+566565]
	Ordinal0 [0x00D49E45+564805]
	Ordinal0 [0x00D4FB72+588658]
	Ordinal0 [0x00D49E01+564737]
	Ordinal0 [0x00D4ABB2+568242]
	Ordinal0 [0x00D4A131+565553]
	Ordinal0 [0x00D4A525+566565]
	Ordinal0 [0x00D49E45+564805]
	Ordinal0 [0x00D4ED85+585093]
	Ordinal0 [0x00D49E01+564737]
	Ordinal0 [0x00D4ABB2+568242]
	Ordinal0 [0x00D4A131+565553]
	Ordinal0 [0x00D4A525+566565]
	Ordinal0 [0x00D49E45+564805]
	Ordinal0 [0x00D46486+550022]
	Ordinal0 [0x00D49E01+564737]
	Ordinal0 [0x00D49C23+564259]
	Ordinal0 [0x00D49A17+563735]
	Ordinal0 [0x00D57FD0+622544]
	Ordinal0 [0x00CF6B2D+224045]
	Ordinal0 [0x00CF5BFC+220156]
	Ordinal0 [0x00CF181B+202779]
	Ordinal0 [0x00CD3D74+81268]
	Ordinal0 [0x00CD4D6E+85358]
	Ordinal0 [0x00CD4CF9+85241]
	Ordinal0 [0x00EE6F2C+2256684]
	GetHandleVerifier [0x01172FAC+1478332]
	GetHandleVerifier [0x01172AFD+1477133]
	GetHandleVerifier [0x0117AAD8+1509864]
	GetHandleVerifier [0x0117369E+1480110]
	Ordinal0 [0x00EDD6BD+2217661]
	Ordinal0 [0x00EE89AB+2263467]
	Ordinal0 [0x00EE8AEF+2263791]
	Ordinal0 [0x00EFD363+2347875]
	BaseThreadInitThunk [0x768A6359+25]
	RtlGetAppContainerNamedObjectPath [0x778B8944+228]
	RtlGetAppContainerNamedObjectPath [0x778B8914+180]

	at org.openqa.selenium.remote.W3CHandshakeResponse.lambda$errorHandler$0(W3CHandshakeResponse.java:62)
	at org.openqa.selenium.remote.HandshakeResponse.lambda$getResponseFunction$0(HandshakeResponse.java:30)
	at org.openqa.selenium.remote.ProtocolHandshake.lambda$createSession$0(ProtocolHandshake.java:126)
	at java.util.stream.ReferencePipeline$3$1.accept(ReferencePipeline.java:193)
	at java.util.Spliterators$ArraySpliterator.tryAdvance(Spliterators.java:958)
	at java.util.stream.ReferencePipeline.forEachWithCancel(ReferencePipeline.java:126)
	at java.util.stream.AbstractPipeline.copyIntoWithCancel(AbstractPipeline.java:498)
	at java.util.stream.AbstractPipeline.copyInto(AbstractPipeline.java:485)
	at java.util.stream.AbstractPipeline.wrapAndCopyInto(AbstractPipeline.java:471)
	at java.util.stream.FindOps$FindOp.evaluateSequential(FindOps.java:152)
	at java.util.stream.AbstractPipeline.evaluate(AbstractPipeline.java:234)
	at java.util.stream.ReferencePipeline.findFirst(ReferencePipeline.java:464)
	at org.openqa.selenium.remote.ProtocolHandshake.createSession(ProtocolHandshake.java:128)
	at org.openqa.selenium.remote.ProtocolHandshake.createSession(ProtocolHandshake.java:74)
	at org.openqa.selenium.remote.HttpCommandExecutor.execute(HttpCommandExecutor.java:136)
	at org.openqa.selenium.remote.service.DriverCommandExecutor.execute(DriverCommandExecutor.java:83)
	at org.openqa.selenium.remote.RemoteWebDriver.execute(RemoteWebDriver.java:552)
	at org.openqa.selenium.remote.RemoteWebDriver.startSession(RemoteWebDriver.java:213)
	at org.openqa.selenium.remote.RemoteWebDriver.&lt;init&gt;(RemoteWebDriver.java:131)
	at org.openqa.selenium.chrome.ChromeDriver.&lt;init&gt;(ChromeDriver.java:181)
	at org.openqa.selenium.chrome.ChromeDriver.&lt;init&gt;(ChromeDriver.java:168)
	at org.openqa.selenium.chrome.ChromeDriver.&lt;init&gt;(ChromeDriver.java:157)
	at utilities.TestUtility.launchBrowser(TestUtility.java:54)
	at tests.FBLoginTest.launchSite(FBLoginTest.java:37)
	at java.util.ArrayList.forEach(ArrayList.java:1257)
	at java.util.concurrent.FutureTask.run(FutureTask.java:266)
	at java.util.concurrent.ThreadPoolExecutor.runWorker(ThreadPoolExecutor.java:1149)
	at java.util.concurrent.ThreadPoolExecutor$Worker.run(ThreadPoolExecutor.java:624)
	at java.lang.Thread.run(Thread.java:748)
... Removed 22 stack frames</pre></div><a href='#' onClick='toggleBox("stack-trace242284115", this, "Click to show all stack frames", "Click to hide stack frames")'>Click to show all stack frames</a>
<div class='stack-trace' id='stack-trace242284115'><pre>org.openqa.selenium.SessionNotCreatedException: session not created
from timeout: Timed out receiving message from renderer: 600.000
  (Session info: chrome=87.0.4280.66)
Build info: version: &apos;3.141.59&apos;, revision: &apos;e82be7d358&apos;, time: &apos;2018-11-14T08:17:03&apos;
System info: host: &apos;DESKTOP-D8HNM4S&apos;, ip: &apos;192.168.1.7&apos;, os.name: &apos;Windows 10&apos;, os.arch: &apos;amd64&apos;, os.version: &apos;10.0&apos;, java.version: &apos;1.8.0_181&apos;
Driver info: driver.version: ChromeDriver
remote stacktrace: Backtrace:
	Ordinal0 [0x00FEECE3+3337443]
	Ordinal0 [0x00ECF041+2158657]
	Ordinal0 [0x00D56FA8+618408]
	Ordinal0 [0x00D4AE8F+568975]
	Ordinal0 [0x00D4A131+565553]
	Ordinal0 [0x00D4A525+566565]
	Ordinal0 [0x00D49E45+564805]
	Ordinal0 [0x00D535C1+603585]
	Ordinal0 [0x00D49E01+564737]
	Ordinal0 [0x00D4ABB2+568242]
	Ordinal0 [0x00D4A131+565553]
	Ordinal0 [0x00D4A525+566565]
	Ordinal0 [0x00D49E45+564805]
	Ordinal0 [0x00D51A3C+596540]
	Ordinal0 [0x00D49E01+564737]
	Ordinal0 [0x00D4ABB2+568242]
	Ordinal0 [0x00D4A131+565553]
	Ordinal0 [0x00D4A525+566565]
	Ordinal0 [0x00D49E45+564805]
	Ordinal0 [0x00D4FB72+588658]
	Ordinal0 [0x00D49E01+564737]
	Ordinal0 [0x00D4ABB2+568242]
	Ordinal0 [0x00D4A131+565553]
	Ordinal0 [0x00D4A525+566565]
	Ordinal0 [0x00D49E45+564805]
	Ordinal0 [0x00D4ED85+585093]
	Ordinal0 [0x00D49E01+564737]
	Ordinal0 [0x00D4ABB2+568242]
	Ordinal0 [0x00D4A131+565553]
	Ordinal0 [0x00D4A525+566565]
	Ordinal0 [0x00D49E45+564805]
	Ordinal0 [0x00D46486+550022]
	Ordinal0 [0x00D49E01+564737]
	Ordinal0 [0x00D49C23+564259]
	Ordinal0 [0x00D49A17+563735]
	Ordinal0 [0x00D57FD0+622544]
	Ordinal0 [0x00CF6B2D+224045]
	Ordinal0 [0x00CF5BFC+220156]
	Ordinal0 [0x00CF181B+202779]
	Ordinal0 [0x00CD3D74+81268]
	Ordinal0 [0x00CD4D6E+85358]
	Ordinal0 [0x00CD4CF9+85241]
	Ordinal0 [0x00EE6F2C+2256684]
	GetHandleVerifier [0x01172FAC+1478332]
	GetHandleVerifier [0x01172AFD+1477133]
	GetHandleVerifier [0x0117AAD8+1509864]
	GetHandleVerifier [0x0117369E+1480110]
	Ordinal0 [0x00EDD6BD+2217661]
	Ordinal0 [0x00EE89AB+2263467]
	Ordinal0 [0x00EE8AEF+2263791]
	Ordinal0 [0x00EFD363+2347875]
	BaseThreadInitThunk [0x768A6359+25]
	RtlGetAppContainerNamedObjectPath [0x778B8944+228]
	RtlGetAppContainerNamedObjectPath [0x778B8914+180]

	at sun.reflect.NativeConstructorAccessorImpl.newInstance0(Native Method)
	at sun.reflect.NativeConstructorAccessorImpl.newInstance(NativeConstructorAccessorImpl.java:62)
	at sun.reflect.DelegatingConstructorAccessorImpl.newInstance(DelegatingConstructorAccessorImpl.java:45)
	at java.lang.reflect.Constructor.newInstance(Constructor.java:423)
	at org.openqa.selenium.remote.W3CHandshakeResponse.lambda$errorHandler$0(W3CHandshakeResponse.java:62)
	at org.openqa.selenium.remote.HandshakeResponse.lambda$getResponseFunction$0(HandshakeResponse.java:30)
	at org.openqa.selenium.remote.ProtocolHandshake.lambda$createSession$0(ProtocolHandshake.java:126)
	at java.util.stream.ReferencePipeline$3$1.accept(ReferencePipeline.java:193)
	at java.util.Spliterators$ArraySpliterator.tryAdvance(Spliterators.java:958)
	at java.util.stream.ReferencePipeline.forEachWithCancel(ReferencePipeline.java:126)
	at java.util.stream.AbstractPipeline.copyIntoWithCancel(AbstractPipeline.java:498)
	at java.util.stream.AbstractPipeline.copyInto(AbstractPipeline.java:485)
	at java.util.stream.AbstractPipeline.wrapAndCopyInto(AbstractPipeline.java:471)
	at java.util.stream.FindOps$FindOp.evaluateSequential(FindOps.java:152)
	at java.util.stream.AbstractPipeline.evaluate(AbstractPipeline.java:234)
	at java.util.stream.ReferencePipeline.findFirst(ReferencePipeline.java:464)
	at org.openqa.selenium.remote.ProtocolHandshake.createSession(ProtocolHandshake.java:128)
	at org.openqa.selenium.remote.ProtocolHandshake.createSession(ProtocolHandshake.java:74)
	at org.openqa.selenium.remote.HttpCommandExecutor.execute(HttpCommandExecutor.java:136)
	at org.openqa.selenium.remote.service.DriverCommandExecutor.execute(DriverCommandExecutor.java:83)
	at org.openqa.selenium.remote.RemoteWebDriver.execute(RemoteWebDriver.java:552)
	at org.openqa.selenium.remote.RemoteWebDriver.startSession(RemoteWebDriver.java:213)
	at org.openqa.selenium.remote.RemoteWebDriver.&lt;init&gt;(RemoteWebDriver.java:131)
	at org.openqa.selenium.chrome.ChromeDriver.&lt;init&gt;(ChromeDriver.java:181)
	at org.openqa.selenium.chrome.ChromeDriver.&lt;init&gt;(ChromeDriver.java:168)
	at org.openqa.selenium.chrome.ChromeDriver.&lt;init&gt;(ChromeDriver.java:157)
	at utilities.TestUtility.launchBrowser(TestUtility.java:54)
	at tests.FBLoginTest.launchSite(FBLoginTest.java:37)
	at sun.reflect.NativeMethodAccessorImpl.invoke0(Native Method)
	at sun.reflect.NativeMethodAccessorImpl.invoke(NativeMethodAccessorImpl.java:62)
	at sun.reflect.DelegatingMethodAccessorImpl.invoke(DelegatingMethodAccessorImpl.java:43)
	at java.lang.reflect.Method.invoke(Method.java:498)
	at org.testng.internal.MethodInvocationHelper.invokeMethod(MethodInvocationHelper.java:132)
	at org.testng.internal.TestInvoker.invokeMethod(TestInvoker.java:599)
	at org.testng.internal.TestInvoker.invokeTestMethod(TestInvoker.java:174)
	at org.testng.internal.MethodRunner.runInSequence(MethodRunner.java:46)
	at org.testng.internal.TestInvoker$MethodInvocationAgent.invoke(TestInvoker.java:822)
	at org.testng.internal.TestInvoker.invokeTestMethods(TestInvoker.java:147)
	at org.testng.internal.TestMethodWorker.invokeTestMethods(TestMethodWorker.java:146)
	at org.testng.internal.TestMethodWorker.run(TestMethodWorker.java:128)
	at java.util.ArrayList.forEach(ArrayList.java:1257)
	at org.testng.TestRunner.privateRun(TestRunner.java:764)
	at org.testng.TestRunner.run(TestRunner.java:585)
	at org.testng.SuiteRunner.runTest(SuiteRunner.java:384)
	at org.testng.SuiteRunner.access$000(SuiteRunner.java:28)
	at org.testng.SuiteRunner$SuiteWorker.run(SuiteRunner.java:425)
	at org.testng.internal.thread.ThreadUtil.lambda$execute$0(ThreadUtil.java:66)
	at java.util.concurrent.FutureTask.run(FutureTask.java:266)
	at java.util.concurrent.ThreadPoolExecutor.runWorker(ThreadPoolExecutor.java:1149)
	at java.util.concurrent.ThreadPoolExecutor$Worker.run(ThreadPoolExecutor.java:624)
	at java.lang.Thread.run(Thread.java:748)
</pre></div></td>
<td>609</td>
<td>tests.FBLoginTest@30b8a058</td></tr>
<tr>
<td title='tests.FBLoginTest.loginTest()'><b>loginTest</b><br>Test class: tests.FBLoginTest<br>Parameters: codecontributors123@gmail.com, valid, SIRPNR@123, invalid</td>
<td><div><pre>java.lang.NullPointerException
	at tests.FBLoginTest.loginTest(FBLoginTest.java:55)
	at java.util.ArrayList.forEach(ArrayList.java:1257)
	at java.util.concurrent.FutureTask.run(FutureTask.java:266)
	at java.util.concurrent.ThreadPoolExecutor.runWorker(ThreadPoolExecutor.java:1149)
	at java.util.concurrent.ThreadPoolExecutor$Worker.run(ThreadPoolExecutor.java:624)
	at java.lang.Thread.run(Thread.java:748)
... Removed 18 stack frames</pre></div><a href='#' onClick='toggleBox("stack-trace1096105679", this, "Click to show all stack frames", "Click to hide stack frames")'>Click to show all stack frames</a>
<div class='stack-trace' id='stack-trace1096105679'><pre>java.lang.NullPointerException
	at tests.FBLoginTest.loginTest(FBLoginTest.java:55)
	at sun.reflect.NativeMethodAccessorImpl.invoke0(Native Method)
	at sun.reflect.NativeMethodAccessorImpl.invoke(NativeMethodAccessorImpl.java:62)
	at sun.reflect.DelegatingMethodAccessorImpl.invoke(DelegatingMethodAccessorImpl.java:43)
	at java.lang.reflect.Method.invoke(Method.java:498)
	at org.testng.internal.MethodInvocationHelper.invokeMethod(MethodInvocationHelper.java:132)
	at org.testng.internal.TestInvoker.invokeMethod(TestInvoker.java:599)
	at org.testng.internal.TestInvoker.invokeTestMethod(TestInvoker.java:174)
	at org.testng.internal.MethodRunner.runInSequence(MethodRunner.java:46)
	at org.testng.internal.TestInvoker$MethodInvocationAgent.invoke(TestInvoker.java:822)
	at org.testng.internal.TestInvoker.invokeTestMethods(TestInvoker.java:147)
	at org.testng.internal.TestMethodWorker.invokeTestMethods(TestMethodWorker.java:146)
	at org.testng.internal.TestMethodWorker.run(TestMethodWorker.java:128)
	at java.util.ArrayList.forEach(ArrayList.java:1257)
	at org.testng.TestRunner.privateRun(TestRunner.java:764)
	at org.testng.TestRunner.run(TestRunner.java:585)
	at org.testng.SuiteRunner.runTest(SuiteRunner.java:384)
	at org.testng.SuiteRunner.access$000(SuiteRunner.java:28)
	at org.testng.SuiteRunner$SuiteWorker.run(SuiteRunner.java:425)
	at org.testng.internal.thread.ThreadUtil.lambda$execute$0(ThreadUtil.java:66)
	at java.util.concurrent.FutureTask.run(FutureTask.java:266)
	at java.util.concurrent.ThreadPoolExecutor.runWorker(ThreadPoolExecutor.java:1149)
	at java.util.concurrent.ThreadPoolExecutor$Worker.run(ThreadPoolExecutor.java:624)
	at java.lang.Thread.run(Thread.java:748)
</pre></div></td>
<td>0</td>
<td>tests.FBLoginTest@30b8a058</td></tr>
</table><p>
</body>
</html>