<!DOCTYPE html PUBLIC "-//W3C//DTD XHTML 1.1//EN" "https://www.w3.org/TR/xhtml11/DTD/xhtml11.dtd">
<html xmlns="https://www.w3.org/1999/xhtml">
<head>
<meta http-equiv="content-type" content="text/html; charset=UTF-8"/>
<title>TestNG Report</title>
<style type="text/css">table {margin-bottom:10px;border-collapse:collapse;empty-cells:show}th,td {border:1px solid #009;padding:.25em .5em}th {vertical-align:bottom}td {vertical-align:top}table a {font-weight:bold}.stripe td {background-color: #E6EBF9}.num {text-align:right}.passedodd td {background-color: #3F3}.passedeven td {background-color: #0A0}.skippedodd td {background-color: #DDD}.skippedeven td {background-color: #CCC}.failedodd td,.attn {background-color: #F33}.failedeven td,.stripe .attn {background-color: #D00}.stacktrace {white-space:pre;font-family:monospace}.totop {font-size:85%;text-align:center;border-bottom:2px solid #000}.invisible {display:none}</style>
</head>
<body>
<table>
<tr><th>Test</th><th># Passed</th><th># Skipped</th><th># Retried</th><th># Failed</th><th>Time (ms)</th><th>Included Groups</th><th>Excluded Groups</th></tr>
<tr><th colspan="8">Suite</th></tr>
<tr><td><a href="#t0">Login Test</a></td><td class="num">4</td><td class="num attn">1</td><td class="num">0</td><td class="num">0</td><td class="num">662,119</td><td></td><td></td></tr>
</table>
<table id='summary'><thead><tr><th>Class</th><th>Method</th><th>Start</th><th>Time (ms)</th></tr></thead><tbody><tr><th colspan="4">Suite</th></tr></tbody><tbody id="t0"><tr><th colspan="4">Login Test &#8212; failed (configuration methods)</th></tr><tr class="failedeven"><td rowspan="1">tests.FBLoginTestDataProvider</td><td><a href="#m0">launchSite</a></td><td rowspan="1">1606118727637</td><td rowspan="1">605289</td></tr><tr><th colspan="4">Login Test &#8212; skipped (configuration methods)</th></tr><tr class="skippedeven"><td rowspan="1">tests.FBLoginTestDataProvider</td><td><a href="#m1">closeSite</a></td><td rowspan="1">1606119332941</td><td rowspan="1">-1606119332941</td></tr><tr><th colspan="4">Login Test &#8212; skipped</th></tr><tr class="skippedeven"><td rowspan="1">tests.FBLoginTestDataProvider</td><td><a href="#m2">loginTest</a></td><td rowspan="1">1606119332940</td><td rowspan="1">0</td></tr><tr><th colspan="4">Login Test &#8212; passed</th></tr><tr class="passedeven"><td rowspan="4">tests.FBLoginTestDataProvider</td><td><a href="#m3">loginTest</a></td><td rowspan="4">1606118706245</td><td rowspan="4">6494</td></tr><tr class="passedeven"><td><a href="#m4">loginTest</a></td></tr><tr class="passedeven"><td><a href="#m5">loginTest</a></td></tr><tr class="passedeven"><td><a href="#m6">loginTest</a></td></tr></tbody>
</table>
<h2>Login Test</h2><h3 id="m0">tests.FBLoginTestDataProvider#launchSite</h3><table class="result"><tr><th>Exception</th></tr><tr><td><div class="stacktrace">org.openqa.selenium.SessionNotCreatedException: session not created
from timeout: Timed out receiving message from renderer: 600.000
  (Session info: chrome=87.0.4280.66)
Build info: version: &apos;3.141.59&apos;, revision: &apos;e82be7d358&apos;, time: &apos;2018-11-14T08:17:03&apos;
System info: host: &apos;DESKTOP-D8HNM4S&apos;, ip: &apos;192.168.1.7&apos;, os.name: &apos;Windows 10&apos;, os.arch: &apos;amd64&apos;, os.version: &apos;10.0&apos;, java.version: &apos;1.8.0_181&apos;
Driver info: driver.version: ChromeDriver
remote stacktrace: Backtrace:
	Ordinal0 [0x00A6ECE3+3337443]
	Ordinal0 [0x0094F041+2158657]
	Ordinal0 [0x007D6FA8+618408]
	Ordinal0 [0x007CAE8F+568975]
	Ordinal0 [0x007CA131+565553]
	Ordinal0 [0x007CA525+566565]
	Ordinal0 [0x007C9E45+564805]
	Ordinal0 [0x007D35C1+603585]
	Ordinal0 [0x007C9E01+564737]
	Ordinal0 [0x007CABB2+568242]
	Ordinal0 [0x007CA131+565553]
	Ordinal0 [0x007CA525+566565]
	Ordinal0 [0x007C9E45+564805]
	Ordinal0 [0x007D1A3C+596540]
	Ordinal0 [0x007C9E01+564737]
	Ordinal0 [0x007CABB2+568242]
	Ordinal0 [0x007CA131+565553]
	Ordinal0 [0x007CA525+566565]
	Ordinal0 [0x007C9E45+564805]
	Ordinal0 [0x007CFB72+588658]
	Ordinal0 [0x007C9E01+564737]
	Ordinal0 [0x007CABB2+568242]
	Ordinal0 [0x007CA131+565553]
	Ordinal0 [0x007CA525+566565]
	Ordinal0 [0x007C9E45+564805]
	Ordinal0 [0x007CED85+585093]
	Ordinal0 [0x007C9E01+564737]
	Ordinal0 [0x007CABB2+568242]
	Ordinal0 [0x007CA131+565553]
	Ordinal0 [0x007CA525+566565]
	Ordinal0 [0x007C9E45+564805]
	Ordinal0 [0x007C6486+550022]
	Ordinal0 [0x007C9E01+564737]
	Ordinal0 [0x007C9C23+564259]
	Ordinal0 [0x007C9A17+563735]
	Ordinal0 [0x007D7FD0+622544]
	Ordinal0 [0x00776B2D+224045]
	Ordinal0 [0x00775BFC+220156]
	Ordinal0 [0x0077181B+202779]
	Ordinal0 [0x00753D74+81268]
	Ordinal0 [0x00754D6E+85358]
	Ordinal0 [0x00754CF9+85241]
	Ordinal0 [0x00966F2C+2256684]
	GetHandleVerifier [0x00BF2FAC+1478332]
	GetHandleVerifier [0x00BF2AFD+1477133]
	GetHandleVerifier [0x00BFAAD8+1509864]
	GetHandleVerifier [0x00BF369E+1480110]
	Ordinal0 [0x0095D6BD+2217661]
	Ordinal0 [0x009689AB+2263467]
	Ordinal0 [0x00968AEF+2263791]
	Ordinal0 [0x0097D363+2347875]
	BaseThreadInitThunk [0x77966359+25]
	RtlGetAppContainerNamedObjectPath [0x77C28944+228]
	RtlGetAppContainerNamedObjectPath [0x77C28914+180]

	at org.openqa.selenium.remote.W3CHandshakeResponse.lambda$errorHandler$0(W3CHandshakeResponse.java:62)
	at org.openqa.selenium.remote.HandshakeResponse.lambda$getResponseFunction$0(HandshakeResponse.java:30)
	at org.openqa.selenium.remote.ProtocolHandshake.lambda$createSession$0(ProtocolHandshake.java:126)
	at java.util.stream.ReferencePipeline$3$1.accept(ReferencePipeline.java:193)
	at java.util.Spliterators$ArraySpliterator.tryAdvance(Spliterators.java:958)
	at java.util.stream.ReferencePipeline.forEachWithCancel(ReferencePipeline.java:126)
	at java.util.stream.AbstractPipeline.copyIntoWithCancel(AbstractPipeline.java:498)
	at java.util.stream.AbstractPipeline.copyInto(AbstractPipeline.java:485)
	at java.util.stream.AbstractPipeline.wrapAndCopyInto(AbstractPipeline.java:471)
	at java.util.stream.FindOps$FindOp.evaluateSequential(FindOps.java:152)
	at java.util.stream.AbstractPipeline.evaluate(AbstractPipeline.java:234)
	at java.util.stream.ReferencePipeline.findFirst(ReferencePipeline.java:464)
	at org.openqa.selenium.remote.ProtocolHandshake.createSession(ProtocolHandshake.java:128)
	at org.openqa.selenium.remote.ProtocolHandshake.createSession(ProtocolHandshake.java:74)
	at org.openqa.selenium.remote.HttpCommandExecutor.execute(HttpCommandExecutor.java:136)
	at org.openqa.selenium.remote.service.DriverCommandExecutor.execute(DriverCommandExecutor.java:83)
	at org.openqa.selenium.remote.RemoteWebDriver.execute(RemoteWebDriver.java:552)
	at org.openqa.selenium.remote.RemoteWebDriver.startSession(RemoteWebDriver.java:213)
	at org.openqa.selenium.remote.RemoteWebDriver.&lt;init&gt;(RemoteWebDriver.java:131)
	at org.openqa.selenium.chrome.ChromeDriver.&lt;init&gt;(ChromeDriver.java:181)
	at org.openqa.selenium.chrome.ChromeDriver.&lt;init&gt;(ChromeDriver.java:168)
	at org.openqa.selenium.chrome.ChromeDriver.&lt;init&gt;(ChromeDriver.java:157)
	at utilities.TestUtility.launchBrowser(TestUtility.java:54)
	at tests.FBLoginTestDataProvider.launchSite(FBLoginTestDataProvider.java:52)
	at java.util.ArrayList.forEach(ArrayList.java:1257)
... Removed 39 stack frames</div></td></tr></table><p class="totop"><a href="#summary">back to summary</a></p>
<h3 id="m1">tests.FBLoginTestDataProvider#closeSite</h3><table class="result"><tr><th class="invisible"/></tr></table><p class="totop"><a href="#summary">back to summary</a></p>
<h3 id="m2">tests.FBLoginTestDataProvider#loginTest</h3><table class="result"><tr class="param"><th>Parameter #1</th><th>Parameter #2</th><th>Parameter #3</th><th>Parameter #4</th></tr><tr class="param stripe"><td>codecontributors123@gmail.com</td><td>valid</td><td>PNRSIR@123</td><td>valid</td></tr><tr><th colspan="4">Exception</th></tr><tr><td colspan="4"><div class="stacktrace">org.openqa.selenium.SessionNotCreatedException: session not created
from timeout: Timed out receiving message from renderer: 600.000
  (Session info: chrome=87.0.4280.66)
Build info: version: &apos;3.141.59&apos;, revision: &apos;e82be7d358&apos;, time: &apos;2018-11-14T08:17:03&apos;
System info: host: &apos;DESKTOP-D8HNM4S&apos;, ip: &apos;192.168.1.7&apos;, os.name: &apos;Windows 10&apos;, os.arch: &apos;amd64&apos;, os.version: &apos;10.0&apos;, java.version: &apos;1.8.0_181&apos;
Driver info: driver.version: ChromeDriver
remote stacktrace: Backtrace:
	Ordinal0 [0x00A6ECE3+3337443]
	Ordinal0 [0x0094F041+2158657]
	Ordinal0 [0x007D6FA8+618408]
	Ordinal0 [0x007CAE8F+568975]
	Ordinal0 [0x007CA131+565553]
	Ordinal0 [0x007CA525+566565]
	Ordinal0 [0x007C9E45+564805]
	Ordinal0 [0x007D35C1+603585]
	Ordinal0 [0x007C9E01+564737]
	Ordinal0 [0x007CABB2+568242]
	Ordinal0 [0x007CA131+565553]
	Ordinal0 [0x007CA525+566565]
	Ordinal0 [0x007C9E45+564805]
	Ordinal0 [0x007D1A3C+596540]
	Ordinal0 [0x007C9E01+564737]
	Ordinal0 [0x007CABB2+568242]
	Ordinal0 [0x007CA131+565553]
	Ordinal0 [0x007CA525+566565]
	Ordinal0 [0x007C9E45+564805]
	Ordinal0 [0x007CFB72+588658]
	Ordinal0 [0x007C9E01+564737]
	Ordinal0 [0x007CABB2+568242]
	Ordinal0 [0x007CA131+565553]
	Ordinal0 [0x007CA525+566565]
	Ordinal0 [0x007C9E45+564805]
	Ordinal0 [0x007CED85+585093]
	Ordinal0 [0x007C9E01+564737]
	Ordinal0 [0x007CABB2+568242]
	Ordinal0 [0x007CA131+565553]
	Ordinal0 [0x007CA525+566565]
	Ordinal0 [0x007C9E45+564805]
	Ordinal0 [0x007C6486+550022]
	Ordinal0 [0x007C9E01+564737]
	Ordinal0 [0x007C9C23+564259]
	Ordinal0 [0x007C9A17+563735]
	Ordinal0 [0x007D7FD0+622544]
	Ordinal0 [0x00776B2D+224045]
	Ordinal0 [0x00775BFC+220156]
	Ordinal0 [0x0077181B+202779]
	Ordinal0 [0x00753D74+81268]
	Ordinal0 [0x00754D6E+85358]
	Ordinal0 [0x00754CF9+85241]
	Ordinal0 [0x00966F2C+2256684]
	GetHandleVerifier [0x00BF2FAC+1478332]
	GetHandleVerifier [0x00BF2AFD+1477133]
	GetHandleVerifier [0x00BFAAD8+1509864]
	GetHandleVerifier [0x00BF369E+1480110]
	Ordinal0 [0x0095D6BD+2217661]
	Ordinal0 [0x009689AB+2263467]
	Ordinal0 [0x00968AEF+2263791]
	Ordinal0 [0x0097D363+2347875]
	BaseThreadInitThunk [0x77966359+25]
	RtlGetAppContainerNamedObjectPath [0x77C28944+228]
	RtlGetAppContainerNamedObjectPath [0x77C28914+180]

	at org.openqa.selenium.remote.W3CHandshakeResponse.lambda$errorHandler$0(W3CHandshakeResponse.java:62)
	at org.openqa.selenium.remote.HandshakeResponse.lambda$getResponseFunction$0(HandshakeResponse.java:30)
	at org.openqa.selenium.remote.ProtocolHandshake.lambda$createSession$0(ProtocolHandshake.java:126)
	at java.util.stream.ReferencePipeline$3$1.accept(ReferencePipeline.java:193)
	at java.util.Spliterators$ArraySpliterator.tryAdvance(Spliterators.java:958)
	at java.util.stream.ReferencePipeline.forEachWithCancel(ReferencePipeline.java:126)
	at java.util.stream.AbstractPipeline.copyIntoWithCancel(AbstractPipeline.java:498)
	at java.util.stream.AbstractPipeline.copyInto(AbstractPipeline.java:485)
	at java.util.stream.AbstractPipeline.wrapAndCopyInto(AbstractPipeline.java:471)
	at java.util.stream.FindOps$FindOp.evaluateSequential(FindOps.java:152)
	at java.util.stream.AbstractPipeline.evaluate(AbstractPipeline.java:234)
	at java.util.stream.ReferencePipeline.findFirst(ReferencePipeline.java:464)
	at org.openqa.selenium.remote.ProtocolHandshake.createSession(ProtocolHandshake.java:128)
	at org.openqa.selenium.remote.ProtocolHandshake.createSession(ProtocolHandshake.java:74)
	at org.openqa.selenium.remote.HttpCommandExecutor.execute(HttpCommandExecutor.java:136)
	at org.openqa.selenium.remote.service.DriverCommandExecutor.execute(DriverCommandExecutor.java:83)
	at org.openqa.selenium.remote.RemoteWebDriver.execute(RemoteWebDriver.java:552)
	at org.openqa.selenium.remote.RemoteWebDriver.startSession(RemoteWebDriver.java:213)
	at org.openqa.selenium.remote.RemoteWebDriver.&lt;init&gt;(RemoteWebDriver.java:131)
	at org.openqa.selenium.chrome.ChromeDriver.&lt;init&gt;(ChromeDriver.java:181)
	at org.openqa.selenium.chrome.ChromeDriver.&lt;init&gt;(ChromeDriver.java:168)
	at org.openqa.selenium.chrome.ChromeDriver.&lt;init&gt;(ChromeDriver.java:157)
	at utilities.TestUtility.launchBrowser(TestUtility.java:54)
	at tests.FBLoginTestDataProvider.launchSite(FBLoginTestDataProvider.java:52)
	at java.util.ArrayList.forEach(ArrayList.java:1257)
... Removed 39 stack frames</div></td></tr></table><p class="totop"><a href="#summary">back to summary</a></p>
<h3 id="m3">tests.FBLoginTestDataProvider#loginTest</h3><table class="result"><tr class="param"><th>Parameter #1</th><th>Parameter #2</th><th>Parameter #3</th><th>Parameter #4</th></tr><tr class="param stripe"><td>codecontributors123@gmail.com</td><td>valid</td><td></td><td>blank</td></tr><tr><th colspan="4">Messages</th></tr><tr><td colspan="4"><div class="messages">Blank/Invalid password test passed</div></td></tr></table><p class="totop"><a href="#summary">back to summary</a></p>
<h3 id="m4">tests.FBLoginTestDataProvider#loginTest</h3><table class="result"><tr class="param"><th>Parameter #1</th><th>Parameter #2</th><th>Parameter #3</th><th>Parameter #4</th></tr><tr class="param stripe"><td>codecontributors123@gmail.com</td><td>valid</td><td>nageswararao</td><td>invalid</td></tr><tr><th colspan="4">Messages</th></tr><tr><td colspan="4"><div class="messages">Blank/Invalid password test passed</div></td></tr></table><p class="totop"><a href="#summary">back to summary</a></p>
<h3 id="m5">tests.FBLoginTestDataProvider#loginTest</h3><table class="result"><tr class="param"><th>Parameter #1</th><th>Parameter #2</th><th>Parameter #3</th><th>Parameter #4</th></tr><tr class="param stripe"><td></td><td>blank</td><td>PNRSIR@123</td><td>valid</td></tr><tr><th colspan="4">Messages</th></tr><tr><td colspan="4"><div class="messages">Blank/Nondomain email address test passed</div></td></tr></table><p class="totop"><a href="#summary">back to summary</a></p>
<h3 id="m6">tests.FBLoginTestDataProvider#loginTest</h3><table class="result"><tr class="param"><th>Parameter #1</th><th>Parameter #2</th><th>Parameter #3</th><th>Parameter #4</th></tr><tr class="param stripe"><td>codenonnnncontributors123@gmail.com</td><td>invalid</td><td>PNRSIR@123</td><td>valid</td></tr><tr><th colspan="4">Messages</th></tr><tr><td colspan="4"><div class="messages">Invalid email address test passed</div></td></tr></table><p class="totop"><a href="#summary">back to summary</a></p>
</body>
</html>
