<?xml version="1.0" encoding="UTF-8"?>
<testng-results skipped="1" failed="0" ignored="0" total="5" passed="4">
  <reporter-output>
    <line>
      <![CDATA[Blank/Nondomain email address test passed]]>
    </line>
    <line>
      <![CDATA[Invalid email address test passed]]>
    </line>
    <line>
      <![CDATA[Blank/Invalid password test passed]]>
    </line>
    <line>
      <![CDATA[Blank/Invalid password test passed]]>
    </line>
  </reporter-output>
  <suite name="Suite" duration-ms="662119" started-at="2020-11-23T13:34:30 IST" finished-at="2020-11-23T13:45:32 IST">
    <groups>
    </groups>
    <test name="Login Test" duration-ms="662119" started-at="2020-11-23T13:34:30 IST" finished-at="2020-11-23T13:45:32 IST">
      <class name="tests.FBLoginTestDataProvider">
        <test-method status="PASS" signature="launchSite()[pri:0, instance:tests.FBLoginTestDataProvider@7791a895]" name="launchSite" is-config="true" duration-ms="7199" started-at="2020-11-23T13:34:30 IST" finished-at="2020-11-23T13:34:38 IST">
          <reporter-output>
          </reporter-output>
        </test-method> <!-- launchSite -->
        <test-method status="PASS" signature="loginTest(java.lang.String, java.lang.String, java.lang.String, java.lang.String)[pri:1, instance:tests.FBLoginTestDataProvider@7791a895]" name="loginTest" duration-ms="6547" started-at="2020-11-23T13:34:38 IST" data-provider="testdata" finished-at="2020-11-23T13:34:44 IST">
          <params>
            <param index="0">
              <value>
                <![CDATA[]]>
              </value>
            </param>
            <param index="1">
              <value>
                <![CDATA[blank]]>
              </value>
            </param>
            <param index="2">
              <value>
                <![CDATA[PNRSIR@123]]>
              </value>
            </param>
            <param index="3">
              <value>
                <![CDATA[valid]]>
              </value>
            </param>
          </params>
          <reporter-output>
            <line>
              <![CDATA[Blank/Nondomain email address test passed]]>
            </line>
          </reporter-output>
        </test-method> <!-- loginTest -->
        <test-method status="PASS" signature="closeSite()[pri:0, instance:tests.FBLoginTestDataProvider@7791a895]" name="closeSite" is-config="true" duration-ms="134" started-at="2020-11-23T13:34:44 IST" finished-at="2020-11-23T13:34:44 IST">
          <reporter-output>
          </reporter-output>
        </test-method> <!-- closeSite -->
        <test-method status="PASS" signature="launchSite()[pri:0, instance:tests.FBLoginTestDataProvider@7791a895]" name="launchSite" is-config="true" duration-ms="7319" started-at="2020-11-23T13:34:44 IST" finished-at="2020-11-23T13:34:52 IST">
          <reporter-output>
          </reporter-output>
        </test-method> <!-- launchSite -->
        <test-method status="PASS" signature="loginTest(java.lang.String, java.lang.String, java.lang.String, java.lang.String)[pri:1, instance:tests.FBLoginTestDataProvider@7791a895]" name="loginTest" duration-ms="7440" started-at="2020-11-23T13:34:52 IST" data-provider="testdata" finished-at="2020-11-23T13:34:59 IST">
          <params>
            <param index="0">
              <value>
                <![CDATA[codenonnnncontributors123@gmail.com]]>
              </value>
            </param>
            <param index="1">
              <value>
                <![CDATA[invalid]]>
              </value>
            </param>
            <param index="2">
              <value>
                <![CDATA[PNRSIR@123]]>
              </value>
            </param>
            <param index="3">
              <value>
                <![CDATA[valid]]>
              </value>
            </param>
          </params>
          <reporter-output>
            <line>
              <![CDATA[Invalid email address test passed]]>
            </line>
          </reporter-output>
        </test-method> <!-- loginTest -->
        <test-method status="PASS" signature="closeSite()[pri:0, instance:tests.FBLoginTestDataProvider@7791a895]" name="closeSite" is-config="true" duration-ms="65" started-at="2020-11-23T13:34:59 IST" finished-at="2020-11-23T13:34:59 IST">
          <reporter-output>
          </reporter-output>
        </test-method> <!-- closeSite -->
        <test-method status="PASS" signature="launchSite()[pri:0, instance:tests.FBLoginTestDataProvider@7791a895]" name="launchSite" is-config="true" duration-ms="6618" started-at="2020-11-23T13:34:59 IST" finished-at="2020-11-23T13:35:06 IST">
          <reporter-output>
          </reporter-output>
        </test-method> <!-- launchSite -->
        <test-method status="PASS" signature="loginTest(java.lang.String, java.lang.String, java.lang.String, java.lang.String)[pri:1, instance:tests.FBLoginTestDataProvider@7791a895]" name="loginTest" duration-ms="6494" started-at="2020-11-23T13:35:06 IST" data-provider="testdata" finished-at="2020-11-23T13:35:12 IST">
          <params>
            <param index="0">
              <value>
                <![CDATA[codecontributors123@gmail.com]]>
              </value>
            </param>
            <param index="1">
              <value>
                <![CDATA[valid]]>
              </value>
            </param>
            <param index="2">
              <value>
                <![CDATA[]]>
              </value>
            </param>
            <param index="3">
              <value>
                <![CDATA[blank]]>
              </value>
            </param>
          </params>
          <reporter-output>
            <line>
              <![CDATA[Blank/Invalid password test passed]]>
            </line>
          </reporter-output>
        </test-method> <!-- loginTest -->
        <test-method status="PASS" signature="closeSite()[pri:0, instance:tests.FBLoginTestDataProvider@7791a895]" name="closeSite" is-config="true" duration-ms="157" started-at="2020-11-23T13:35:12 IST" finished-at="2020-11-23T13:35:12 IST">
          <reporter-output>
          </reporter-output>
        </test-method> <!-- closeSite -->
        <test-method status="PASS" signature="launchSite()[pri:0, instance:tests.FBLoginTestDataProvider@7791a895]" name="launchSite" is-config="true" duration-ms="7571" started-at="2020-11-23T13:35:12 IST" finished-at="2020-11-23T13:35:20 IST">
          <reporter-output>
          </reporter-output>
        </test-method> <!-- launchSite -->
        <test-method status="PASS" signature="loginTest(java.lang.String, java.lang.String, java.lang.String, java.lang.String)[pri:1, instance:tests.FBLoginTestDataProvider@7791a895]" name="loginTest" duration-ms="6574" started-at="2020-11-23T13:35:20 IST" data-provider="testdata" finished-at="2020-11-23T13:35:27 IST">
          <params>
            <param index="0">
              <value>
                <![CDATA[codecontributors123@gmail.com]]>
              </value>
            </param>
            <param index="1">
              <value>
                <![CDATA[valid]]>
              </value>
            </param>
            <param index="2">
              <value>
                <![CDATA[nageswararao]]>
              </value>
            </param>
            <param index="3">
              <value>
                <![CDATA[invalid]]>
              </value>
            </param>
          </params>
          <reporter-output>
            <line>
              <![CDATA[Blank/Invalid password test passed]]>
            </line>
          </reporter-output>
        </test-method> <!-- loginTest -->
        <test-method status="PASS" signature="closeSite()[pri:0, instance:tests.FBLoginTestDataProvider@7791a895]" name="closeSite" is-config="true" duration-ms="593" started-at="2020-11-23T13:35:27 IST" finished-at="2020-11-23T13:35:27 IST">
          <reporter-output>
          </reporter-output>
        </test-method> <!-- closeSite -->
        <test-method status="FAIL" signature="launchSite()[pri:0, instance:tests.FBLoginTestDataProvider@7791a895]" name="launchSite" is-config="true" duration-ms="605289" started-at="2020-11-23T13:35:27 IST" finished-at="2020-11-23T13:45:32 IST">
          <exception class="org.openqa.selenium.SessionNotCreatedException">
            <message>
              <![CDATA[session not created
from timeout: Timed out receiving message from renderer: 600.000
  (Session info: chrome=87.0.4280.66)
Build info: version: '3.141.59', revision: 'e82be7d358', time: '2018-11-14T08:17:03'
System info: host: 'DESKTOP-D8HNM4S', ip: '192.168.1.7', os.name: 'Windows 10', os.arch: 'amd64', os.version: '10.0', java.version: '1.8.0_181'
Driver info: driver.version: ChromeDriver
remote stacktrace: Backtrace:
Ordinal0 [0x00A6ECE3+3337443]
Ordinal0 [0x0094F041+2158657]
Ordinal0 [0x007D6FA8+618408]
Ordinal0 [0x007CAE8F+568975]
Ordinal0 [0x007CA131+565553]
Ordinal0 [0x007CA525+566565]
Ordinal0 [0x007C9E45+564805]
Ordinal0 [0x007D35C1+603585]
Ordinal0 [0x007C9E01+564737]
Ordinal0 [0x007CABB2+568242]
Ordinal0 [0x007CA131+565553]
Ordinal0 [0x007CA525+566565]
Ordinal0 [0x007C9E45+564805]
Ordinal0 [0x007D1A3C+596540]
Ordinal0 [0x007C9E01+564737]
Ordinal0 [0x007CABB2+568242]
Ordinal0 [0x007CA131+565553]
Ordinal0 [0x007CA525+566565]
Ordinal0 [0x007C9E45+564805]
Ordinal0 [0x007CFB72+588658]
Ordinal0 [0x007C9E01+564737]
Ordinal0 [0x007CABB2+568242]
Ordinal0 [0x007CA131+565553]
Ordinal0 [0x007CA525+566565]
Ordinal0 [0x007C9E45+564805]
Ordinal0 [0x007CED85+585093]
Ordinal0 [0x007C9E01+564737]
Ordinal0 [0x007CABB2+568242]
Ordinal0 [0x007CA131+565553]
Ordinal0 [0x007CA525+566565]
Ordinal0 [0x007C9E45+564805]
Ordinal0 [0x007C6486+550022]
Ordinal0 [0x007C9E01+564737]
Ordinal0 [0x007C9C23+564259]
Ordinal0 [0x007C9A17+563735]
Ordinal0 [0x007D7FD0+622544]
Ordinal0 [0x00776B2D+224045]
Ordinal0 [0x00775BFC+220156]
Ordinal0 [0x0077181B+202779]
Ordinal0 [0x00753D74+81268]
Ordinal0 [0x00754D6E+85358]
Ordinal0 [0x00754CF9+85241]
Ordinal0 [0x00966F2C+2256684]
GetHandleVerifier [0x00BF2FAC+1478332]
GetHandleVerifier [0x00BF2AFD+1477133]
GetHandleVerifier [0x00BFAAD8+1509864]
GetHandleVerifier [0x00BF369E+1480110]
Ordinal0 [0x0095D6BD+2217661]
Ordinal0 [0x009689AB+2263467]
Ordinal0 [0x00968AEF+2263791]
Ordinal0 [0x0097D363+2347875]
BaseThreadInitThunk [0x77966359+25]
RtlGetAppContainerNamedObjectPath [0x77C28944+228]
RtlGetAppContainerNamedObjectPath [0x77C28914+180]
]]>
            </message>
            <full-stacktrace>
              <![CDATA[org.openqa.selenium.SessionNotCreatedException: session not created
from timeout: Timed out receiving message from renderer: 600.000
  (Session info: chrome=87.0.4280.66)
Build info: version: '3.141.59', revision: 'e82be7d358', time: '2018-11-14T08:17:03'
System info: host: 'DESKTOP-D8HNM4S', ip: '192.168.1.7', os.name: 'Windows 10', os.arch: 'amd64', os.version: '10.0', java.version: '1.8.0_181'
Driver info: driver.version: ChromeDriver
remote stacktrace: Backtrace:
Ordinal0 [0x00A6ECE3+3337443]
Ordinal0 [0x0094F041+2158657]
Ordinal0 [0x007D6FA8+618408]
Ordinal0 [0x007CAE8F+568975]
Ordinal0 [0x007CA131+565553]
Ordinal0 [0x007CA525+566565]
Ordinal0 [0x007C9E45+564805]
Ordinal0 [0x007D35C1+603585]
Ordinal0 [0x007C9E01+564737]
Ordinal0 [0x007CABB2+568242]
Ordinal0 [0x007CA131+565553]
Ordinal0 [0x007CA525+566565]
Ordinal0 [0x007C9E45+564805]
Ordinal0 [0x007D1A3C+596540]
Ordinal0 [0x007C9E01+564737]
Ordinal0 [0x007CABB2+568242]
Ordinal0 [0x007CA131+565553]
Ordinal0 [0x007CA525+566565]
Ordinal0 [0x007C9E45+564805]
Ordinal0 [0x007CFB72+588658]
Ordinal0 [0x007C9E01+564737]
Ordinal0 [0x007CABB2+568242]
Ordinal0 [0x007CA131+565553]
Ordinal0 [0x007CA525+566565]
Ordinal0 [0x007C9E45+564805]
Ordinal0 [0x007CED85+585093]
Ordinal0 [0x007C9E01+564737]
Ordinal0 [0x007CABB2+568242]
Ordinal0 [0x007CA131+565553]
Ordinal0 [0x007CA525+566565]
Ordinal0 [0x007C9E45+564805]
Ordinal0 [0x007C6486+550022]
Ordinal0 [0x007C9E01+564737]
Ordinal0 [0x007C9C23+564259]
Ordinal0 [0x007C9A17+563735]
Ordinal0 [0x007D7FD0+622544]
Ordinal0 [0x00776B2D+224045]
Ordinal0 [0x00775BFC+220156]
Ordinal0 [0x0077181B+202779]
Ordinal0 [0x00753D74+81268]
Ordinal0 [0x00754D6E+85358]
Ordinal0 [0x00754CF9+85241]
Ordinal0 [0x00966F2C+2256684]
GetHandleVerifier [0x00BF2FAC+1478332]
GetHandleVerifier [0x00BF2AFD+1477133]
GetHandleVerifier [0x00BFAAD8+1509864]
GetHandleVerifier [0x00BF369E+1480110]
Ordinal0 [0x0095D6BD+2217661]
Ordinal0 [0x009689AB+2263467]
Ordinal0 [0x00968AEF+2263791]
Ordinal0 [0x0097D363+2347875]
BaseThreadInitThunk [0x77966359+25]
RtlGetAppContainerNamedObjectPath [0x77C28944+228]
RtlGetAppContainerNamedObjectPath [0x77C28914+180]

at sun.reflect.NativeConstructorAccessorImpl.newInstance0(Native Method)
at sun.reflect.NativeConstructorAccessorImpl.newInstance(NativeConstructorAccessorImpl.java:62)
at sun.reflect.DelegatingConstructorAccessorImpl.newInstance(DelegatingConstructorAccessorImpl.java:45)
at java.lang.reflect.Constructor.newInstance(Constructor.java:423)
at org.openqa.selenium.remote.W3CHandshakeResponse.lambda$errorHandler$0(W3CHandshakeResponse.java:62)
at org.openqa.selenium.remote.HandshakeResponse.lambda$getResponseFunction$0(HandshakeResponse.java:30)
at org.openqa.selenium.remote.ProtocolHandshake.lambda$createSession$0(ProtocolHandshake.java:126)
at java.util.stream.ReferencePipeline$3$1.accept(ReferencePipeline.java:193)
at java.util.Spliterators$ArraySpliterator.tryAdvance(Spliterators.java:958)
at java.util.stream.ReferencePipeline.forEachWithCancel(ReferencePipeline.java:126)
at java.util.stream.AbstractPipeline.copyIntoWithCancel(AbstractPipeline.java:498)
at java.util.stream.AbstractPipeline.copyInto(AbstractPipeline.java:485)
at java.util.stream.AbstractPipeline.wrapAndCopyInto(AbstractPipeline.java:471)
at java.util.stream.FindOps$FindOp.evaluateSequential(FindOps.java:152)
at java.util.stream.AbstractPipeline.evaluate(AbstractPipeline.java:234)
at java.util.stream.ReferencePipeline.findFirst(ReferencePipeline.java:464)
at org.openqa.selenium.remote.ProtocolHandshake.createSession(ProtocolHandshake.java:128)
at org.openqa.selenium.remote.ProtocolHandshake.createSession(ProtocolHandshake.java:74)
at org.openqa.selenium.remote.HttpCommandExecutor.execute(HttpCommandExecutor.java:136)
at org.openqa.selenium.remote.service.DriverCommandExecutor.execute(DriverCommandExecutor.java:83)
at org.openqa.selenium.remote.RemoteWebDriver.execute(RemoteWebDriver.java:552)
at org.openqa.selenium.remote.RemoteWebDriver.startSession(RemoteWebDriver.java:213)
at org.openqa.selenium.remote.RemoteWebDriver.<init>(RemoteWebDriver.java:131)
at org.openqa.selenium.chrome.ChromeDriver.<init>(ChromeDriver.java:181)
at org.openqa.selenium.chrome.ChromeDriver.<init>(ChromeDriver.java:168)
at org.openqa.selenium.chrome.ChromeDriver.<init>(ChromeDriver.java:157)
at utilities.TestUtility.launchBrowser(TestUtility.java:54)
at tests.FBLoginTestDataProvider.launchSite(FBLoginTestDataProvider.java:52)
at sun.reflect.NativeMethodAccessorImpl.invoke0(Native Method)
at sun.reflect.NativeMethodAccessorImpl.invoke(NativeMethodAccessorImpl.java:62)
at sun.reflect.DelegatingMethodAccessorImpl.invoke(DelegatingMethodAccessorImpl.java:43)
at java.lang.reflect.Method.invoke(Method.java:498)
at org.testng.internal.MethodInvocationHelper.invokeMethod(MethodInvocationHelper.java:132)
at org.testng.internal.MethodInvocationHelper.invokeMethodConsideringTimeout(MethodInvocationHelper.java:61)
at org.testng.internal.ConfigInvoker.invokeConfigurationMethod(ConfigInvoker.java:366)
at org.testng.internal.ConfigInvoker.invokeConfigurations(ConfigInvoker.java:320)
at org.testng.internal.TestInvoker.runConfigMethods(TestInvoker.java:701)
at org.testng.internal.TestInvoker.invokeMethod(TestInvoker.java:527)
at org.testng.internal.TestInvoker.invokeTestMethod(TestInvoker.java:174)
at org.testng.internal.MethodRunner.runInSequence(MethodRunner.java:46)
at org.testng.internal.TestInvoker$MethodInvocationAgent.invoke(TestInvoker.java:822)
at org.testng.internal.TestInvoker.invokeTestMethods(TestInvoker.java:147)
at org.testng.internal.TestMethodWorker.invokeTestMethods(TestMethodWorker.java:146)
at org.testng.internal.TestMethodWorker.run(TestMethodWorker.java:128)
at java.util.ArrayList.forEach(ArrayList.java:1257)
at org.testng.TestRunner.privateRun(TestRunner.java:764)
at org.testng.TestRunner.run(TestRunner.java:585)
at org.testng.SuiteRunner.runTest(SuiteRunner.java:384)
at org.testng.SuiteRunner.runSequentially(SuiteRunner.java:378)
at org.testng.SuiteRunner.privateRun(SuiteRunner.java:337)
at org.testng.SuiteRunner.run(SuiteRunner.java:286)
at org.testng.SuiteRunnerWorker.runSuite(SuiteRunnerWorker.java:53)
at org.testng.SuiteRunnerWorker.run(SuiteRunnerWorker.java:96)
at org.testng.TestNG.runSuitesSequentially(TestNG.java:1218)
at org.testng.TestNG.runSuitesLocally(TestNG.java:1140)
at org.testng.TestNG.runSuites(TestNG.java:1069)
at org.testng.TestNG.run(TestNG.java:1037)
at org.apache.maven.surefire.testng.TestNGExecutor.run(TestNGExecutor.java:283)
at org.apache.maven.surefire.testng.TestNGXmlTestSuite.execute(TestNGXmlTestSuite.java:75)
at org.apache.maven.surefire.testng.TestNGProvider.invoke(TestNGProvider.java:120)
at org.apache.maven.surefire.booter.ForkedBooter.invokeProviderInSameClassLoader(ForkedBooter.java:384)
at org.apache.maven.surefire.booter.ForkedBooter.runSuitesInProcess(ForkedBooter.java:345)
at org.apache.maven.surefire.booter.ForkedBooter.execute(ForkedBooter.java:126)
at org.apache.maven.surefire.booter.ForkedBooter.main(ForkedBooter.java:418)
]]>
            </full-stacktrace>
          </exception> <!-- org.openqa.selenium.SessionNotCreatedException -->
          <reporter-output>
          </reporter-output>
        </test-method> <!-- launchSite -->
        <test-method status="SKIP" signature="loginTest(java.lang.String, java.lang.String, java.lang.String, java.lang.String)[pri:1, instance:tests.FBLoginTestDataProvider@7791a895]" name="loginTest" duration-ms="0" started-at="2020-11-23T13:45:32 IST" data-provider="testdata" finished-at="2020-11-23T13:45:32 IST">
          <params>
            <param index="0">
              <value>
                <![CDATA[codecontributors123@gmail.com]]>
              </value>
            </param>
            <param index="1">
              <value>
                <![CDATA[valid]]>
              </value>
            </param>
            <param index="2">
              <value>
                <![CDATA[PNRSIR@123]]>
              </value>
            </param>
            <param index="3">
              <value>
                <![CDATA[valid]]>
              </value>
            </param>
          </params>
          <exception class="org.openqa.selenium.SessionNotCreatedException">
            <message>
              <![CDATA[session not created
from timeout: Timed out receiving message from renderer: 600.000
  (Session info: chrome=87.0.4280.66)
Build info: version: '3.141.59', revision: 'e82be7d358', time: '2018-11-14T08:17:03'
System info: host: 'DESKTOP-D8HNM4S', ip: '192.168.1.7', os.name: 'Windows 10', os.arch: 'amd64', os.version: '10.0', java.version: '1.8.0_181'
Driver info: driver.version: ChromeDriver
remote stacktrace: Backtrace:
Ordinal0 [0x00A6ECE3+3337443]
Ordinal0 [0x0094F041+2158657]
Ordinal0 [0x007D6FA8+618408]
Ordinal0 [0x007CAE8F+568975]
Ordinal0 [0x007CA131+565553]
Ordinal0 [0x007CA525+566565]
Ordinal0 [0x007C9E45+564805]
Ordinal0 [0x007D35C1+603585]
Ordinal0 [0x007C9E01+564737]
Ordinal0 [0x007CABB2+568242]
Ordinal0 [0x007CA131+565553]
Ordinal0 [0x007CA525+566565]
Ordinal0 [0x007C9E45+564805]
Ordinal0 [0x007D1A3C+596540]
Ordinal0 [0x007C9E01+564737]
Ordinal0 [0x007CABB2+568242]
Ordinal0 [0x007CA131+565553]
Ordinal0 [0x007CA525+566565]
Ordinal0 [0x007C9E45+564805]
Ordinal0 [0x007CFB72+588658]
Ordinal0 [0x007C9E01+564737]
Ordinal0 [0x007CABB2+568242]
Ordinal0 [0x007CA131+565553]
Ordinal0 [0x007CA525+566565]
Ordinal0 [0x007C9E45+564805]
Ordinal0 [0x007CED85+585093]
Ordinal0 [0x007C9E01+564737]
Ordinal0 [0x007CABB2+568242]
Ordinal0 [0x007CA131+565553]
Ordinal0 [0x007CA525+566565]
Ordinal0 [0x007C9E45+564805]
Ordinal0 [0x007C6486+550022]
Ordinal0 [0x007C9E01+564737]
Ordinal0 [0x007C9C23+564259]
Ordinal0 [0x007C9A17+563735]
Ordinal0 [0x007D7FD0+622544]
Ordinal0 [0x00776B2D+224045]
Ordinal0 [0x00775BFC+220156]
Ordinal0 [0x0077181B+202779]
Ordinal0 [0x00753D74+81268]
Ordinal0 [0x00754D6E+85358]
Ordinal0 [0x00754CF9+85241]
Ordinal0 [0x00966F2C+2256684]
GetHandleVerifier [0x00BF2FAC+1478332]
GetHandleVerifier [0x00BF2AFD+1477133]
GetHandleVerifier [0x00BFAAD8+1509864]
GetHandleVerifier [0x00BF369E+1480110]
Ordinal0 [0x0095D6BD+2217661]
Ordinal0 [0x009689AB+2263467]
Ordinal0 [0x00968AEF+2263791]
Ordinal0 [0x0097D363+2347875]
BaseThreadInitThunk [0x77966359+25]
RtlGetAppContainerNamedObjectPath [0x77C28944+228]
RtlGetAppContainerNamedObjectPath [0x77C28914+180]
]]>
            </message>
            <full-stacktrace>
              <![CDATA[org.openqa.selenium.SessionNotCreatedException: session not created
from timeout: Timed out receiving message from renderer: 600.000
  (Session info: chrome=87.0.4280.66)
Build info: version: '3.141.59', revision: 'e82be7d358', time: '2018-11-14T08:17:03'
System info: host: 'DESKTOP-D8HNM4S', ip: '192.168.1.7', os.name: 'Windows 10', os.arch: 'amd64', os.version: '10.0', java.version: '1.8.0_181'
Driver info: driver.version: ChromeDriver
remote stacktrace: Backtrace:
Ordinal0 [0x00A6ECE3+3337443]
Ordinal0 [0x0094F041+2158657]
Ordinal0 [0x007D6FA8+618408]
Ordinal0 [0x007CAE8F+568975]
Ordinal0 [0x007CA131+565553]
Ordinal0 [0x007CA525+566565]
Ordinal0 [0x007C9E45+564805]
Ordinal0 [0x007D35C1+603585]
Ordinal0 [0x007C9E01+564737]
Ordinal0 [0x007CABB2+568242]
Ordinal0 [0x007CA131+565553]
Ordinal0 [0x007CA525+566565]
Ordinal0 [0x007C9E45+564805]
Ordinal0 [0x007D1A3C+596540]
Ordinal0 [0x007C9E01+564737]
Ordinal0 [0x007CABB2+568242]
Ordinal0 [0x007CA131+565553]
Ordinal0 [0x007CA525+566565]
Ordinal0 [0x007C9E45+564805]
Ordinal0 [0x007CFB72+588658]
Ordinal0 [0x007C9E01+564737]
Ordinal0 [0x007CABB2+568242]
Ordinal0 [0x007CA131+565553]
Ordinal0 [0x007CA525+566565]
Ordinal0 [0x007C9E45+564805]
Ordinal0 [0x007CED85+585093]
Ordinal0 [0x007C9E01+564737]
Ordinal0 [0x007CABB2+568242]
Ordinal0 [0x007CA131+565553]
Ordinal0 [0x007CA525+566565]
Ordinal0 [0x007C9E45+564805]
Ordinal0 [0x007C6486+550022]
Ordinal0 [0x007C9E01+564737]
Ordinal0 [0x007C9C23+564259]
Ordinal0 [0x007C9A17+563735]
Ordinal0 [0x007D7FD0+622544]
Ordinal0 [0x00776B2D+224045]
Ordinal0 [0x00775BFC+220156]
Ordinal0 [0x0077181B+202779]
Ordinal0 [0x00753D74+81268]
Ordinal0 [0x00754D6E+85358]
Ordinal0 [0x00754CF9+85241]
Ordinal0 [0x00966F2C+2256684]
GetHandleVerifier [0x00BF2FAC+1478332]
GetHandleVerifier [0x00BF2AFD+1477133]
GetHandleVerifier [0x00BFAAD8+1509864]
GetHandleVerifier [0x00BF369E+1480110]
Ordinal0 [0x0095D6BD+2217661]
Ordinal0 [0x009689AB+2263467]
Ordinal0 [0x00968AEF+2263791]
Ordinal0 [0x0097D363+2347875]
BaseThreadInitThunk [0x77966359+25]
RtlGetAppContainerNamedObjectPath [0x77C28944+228]
RtlGetAppContainerNamedObjectPath [0x77C28914+180]

at sun.reflect.NativeConstructorAccessorImpl.newInstance0(Native Method)
at sun.reflect.NativeConstructorAccessorImpl.newInstance(NativeConstructorAccessorImpl.java:62)
at sun.reflect.DelegatingConstructorAccessorImpl.newInstance(DelegatingConstructorAccessorImpl.java:45)
at java.lang.reflect.Constructor.newInstance(Constructor.java:423)
at org.openqa.selenium.remote.W3CHandshakeResponse.lambda$errorHandler$0(W3CHandshakeResponse.java:62)
at org.openqa.selenium.remote.HandshakeResponse.lambda$getResponseFunction$0(HandshakeResponse.java:30)
at org.openqa.selenium.remote.ProtocolHandshake.lambda$createSession$0(ProtocolHandshake.java:126)
at java.util.stream.ReferencePipeline$3$1.accept(ReferencePipeline.java:193)
at java.util.Spliterators$ArraySpliterator.tryAdvance(Spliterators.java:958)
at java.util.stream.ReferencePipeline.forEachWithCancel(ReferencePipeline.java:126)
at java.util.stream.AbstractPipeline.copyIntoWithCancel(AbstractPipeline.java:498)
at java.util.stream.AbstractPipeline.copyInto(AbstractPipeline.java:485)
at java.util.stream.AbstractPipeline.wrapAndCopyInto(AbstractPipeline.java:471)
at java.util.stream.FindOps$FindOp.evaluateSequential(FindOps.java:152)
at java.util.stream.AbstractPipeline.evaluate(AbstractPipeline.java:234)
at java.util.stream.ReferencePipeline.findFirst(ReferencePipeline.java:464)
at org.openqa.selenium.remote.ProtocolHandshake.createSession(ProtocolHandshake.java:128)
at org.openqa.selenium.remote.ProtocolHandshake.createSession(ProtocolHandshake.java:74)
at org.openqa.selenium.remote.HttpCommandExecutor.execute(HttpCommandExecutor.java:136)
at org.openqa.selenium.remote.service.DriverCommandExecutor.execute(DriverCommandExecutor.java:83)
at org.openqa.selenium.remote.RemoteWebDriver.execute(RemoteWebDriver.java:552)
at org.openqa.selenium.remote.RemoteWebDriver.startSession(RemoteWebDriver.java:213)
at org.openqa.selenium.remote.RemoteWebDriver.<init>(RemoteWebDriver.java:131)
at org.openqa.selenium.chrome.ChromeDriver.<init>(ChromeDriver.java:181)
at org.openqa.selenium.chrome.ChromeDriver.<init>(ChromeDriver.java:168)
at org.openqa.selenium.chrome.ChromeDriver.<init>(ChromeDriver.java:157)
at utilities.TestUtility.launchBrowser(TestUtility.java:54)
at tests.FBLoginTestDataProvider.launchSite(FBLoginTestDataProvider.java:52)
at sun.reflect.NativeMethodAccessorImpl.invoke0(Native Method)
at sun.reflect.NativeMethodAccessorImpl.invoke(NativeMethodAccessorImpl.java:62)
at sun.reflect.DelegatingMethodAccessorImpl.invoke(DelegatingMethodAccessorImpl.java:43)
at java.lang.reflect.Method.invoke(Method.java:498)
at org.testng.internal.MethodInvocationHelper.invokeMethod(MethodInvocationHelper.java:132)
at org.testng.internal.MethodInvocationHelper.invokeMethodConsideringTimeout(MethodInvocationHelper.java:61)
at org.testng.internal.ConfigInvoker.invokeConfigurationMethod(ConfigInvoker.java:366)
at org.testng.internal.ConfigInvoker.invokeConfigurations(ConfigInvoker.java:320)
at org.testng.internal.TestInvoker.runConfigMethods(TestInvoker.java:701)
at org.testng.internal.TestInvoker.invokeMethod(TestInvoker.java:527)
at org.testng.internal.TestInvoker.invokeTestMethod(TestInvoker.java:174)
at org.testng.internal.MethodRunner.runInSequence(MethodRunner.java:46)
at org.testng.internal.TestInvoker$MethodInvocationAgent.invoke(TestInvoker.java:822)
at org.testng.internal.TestInvoker.invokeTestMethods(TestInvoker.java:147)
at org.testng.internal.TestMethodWorker.invokeTestMethods(TestMethodWorker.java:146)
at org.testng.internal.TestMethodWorker.run(TestMethodWorker.java:128)
at java.util.ArrayList.forEach(ArrayList.java:1257)
at org.testng.TestRunner.privateRun(TestRunner.java:764)
at org.testng.TestRunner.run(TestRunner.java:585)
at org.testng.SuiteRunner.runTest(SuiteRunner.java:384)
at org.testng.SuiteRunner.runSequentially(SuiteRunner.java:378)
at org.testng.SuiteRunner.privateRun(SuiteRunner.java:337)
at org.testng.SuiteRunner.run(SuiteRunner.java:286)
at org.testng.SuiteRunnerWorker.runSuite(SuiteRunnerWorker.java:53)
at org.testng.SuiteRunnerWorker.run(SuiteRunnerWorker.java:96)
at org.testng.TestNG.runSuitesSequentially(TestNG.java:1218)
at org.testng.TestNG.runSuitesLocally(TestNG.java:1140)
at org.testng.TestNG.runSuites(TestNG.java:1069)
at org.testng.TestNG.run(TestNG.java:1037)
at org.apache.maven.surefire.testng.TestNGExecutor.run(TestNGExecutor.java:283)
at org.apache.maven.surefire.testng.TestNGXmlTestSuite.execute(TestNGXmlTestSuite.java:75)
at org.apache.maven.surefire.testng.TestNGProvider.invoke(TestNGProvider.java:120)
at org.apache.maven.surefire.booter.ForkedBooter.invokeProviderInSameClassLoader(ForkedBooter.java:384)
at org.apache.maven.surefire.booter.ForkedBooter.runSuitesInProcess(ForkedBooter.java:345)
at org.apache.maven.surefire.booter.ForkedBooter.execute(ForkedBooter.java:126)
at org.apache.maven.surefire.booter.ForkedBooter.main(ForkedBooter.java:418)
]]>
            </full-stacktrace>
          </exception> <!-- org.openqa.selenium.SessionNotCreatedException -->
          <reporter-output>
          </reporter-output>
        </test-method> <!-- loginTest -->
        <test-method status="SKIP" signature="closeSite()[pri:0, instance:tests.FBLoginTestDataProvider@7791a895]" name="closeSite" is-config="true" duration-ms="-1606119332941" started-at="2020-11-23T13:45:32 IST" finished-at="1970-01-01T05:30:00 IST">
          <reporter-output>
          </reporter-output>
        </test-method> <!-- closeSite -->
      </class> <!-- tests.FBLoginTestDataProvider -->
    </test> <!-- Login Test -->
  </suite> <!-- Suite -->
</testng-results>
